#
# A fatal error has been detected by the Java Runtime Environment:
#
#  SIGSEGV (0xb) at pc=0x00007f52e9c87b40, pid=23925, tid=0x00007f52402f3700
#
# JRE version: OpenJDK Runtime Environment (8.0_121-b13) (build 1.8.0_121-8u121-b13-4-b13)
# Java VM: OpenJDK 64-Bit Server VM (25.121-b13 mixed mode linux-amd64 compressed oops)
# Problematic frame:
# C  [libc.so.6+0x152b40]
#
# Failed to write core dump. Core dumps have been disabled. To enable core dumping, try "ulimit -c unlimited" before starting Java again
#
# If you would like to submit a bug report, please visit:
#   http://bugreport.java.com/bugreport/crash.jsp
# The crash happened outside the Java Virtual Machine in native code.
# See problematic frame for where to report the bug.
#

---------------  T H R E A D  ---------------

Current thread (0x00007f5220001000):  JavaThread "grpc-default-executor-4" daemon [_thread_in_native, id=25110, stack(0x00007f52401f3000,0x00007f52402f4000)]

siginfo: si_signo: 11 (SIGSEGV), si_code: 1 (SEGV_MAPERR), si_addr: 0x00007f52e40217d9

Registers:
RAX=0x00007f5214004210, RBX=0x00007f52e02c24f0, RCX=0x00007f5214000020, RDX=0x0000000000006162
RSP=0x00007f52402efee8, RBP=0x00007f52402eff60, RSI=0x00007f52e401b687, RDI=0x00007f5214004210
R8 =0x00007f52140000e8, R9 =0x0000000000000000, R10=0x0000000000002f72, R11=0x00007f52e9cc7a10
R12=0x0000000000006162, R13=0x00007f52e401b659, R14=0x0000000000006162, R15=0x00007f5214002860
RIP=0x00007f52e9c87b40, EFLAGS=0x0000000000010a06, CSGSFS=0x002b000000000033, ERR=0x0000000000000004
  TRAPNO=0x000000000000000e

Top of Stack: (sp=0x00007f52402efee8)
0x00007f52402efee8:   00007f52e6a31fd9 00007f52e4c0d3d8
0x00007f52402efef8:   00000000e1554c50 0000000000000000
0x00007f52402eff08:   00000000532f786f 000000006e75646f
0x00007f52402eff18:   00007f5200002f72 2f72726700000000
0x00007f52402eff28:   000000006e757262 0000000000000031
0x00007f52402eff38:   00007f52e02c28b0 000000002892e7cd
0x00007f52402eff48:   00007f52402f0000 00007f52e02c24f0
0x00007f52402eff58:   00007f52e0c19e30 00007f52402effb0
0x00007f52402eff68:   00007f52e6a32c64 00007f52402effd0
0x00007f52402eff78:   000000310180df00 00007f52402effb0
0x00007f52402eff88:   0000000000000031 00007f52200011e0
0x00007f52402eff98:   0000000000000030 00007f52402f0428
0x00007f52402effa8:   00007f52e02c24f0 00007f52402f0410
0x00007f52402effb8:   00007f52e6a30bbc 00007f52402effd0
0x00007f52402effc8:   0000000120001000 6e7572622f6d6f63
0x00007f52402effd8:   2f7261626e75646f 6e61732f63707267
0x00007f52402effe8:   7265532f786f6264 6156247365636976
0x00007f52402efff8:   73616c632e65756c 00007f52e4c00073
0x00007f52402f0008:   00007f5220001000 00000000402f07a0
0x00007f52402f0018:   00007f52d117dfc4 0000000000000000
0x00007f52402f0028:   00000000e1554958 00007f52e4c0d3d8
0x00007f52402f0038:   00007f5220001000 00007f52402f0100
0x00007f52402f0048:   00000000e1554c50 0000000084464430
0x00007f52402f0058:   0000000100000000 00007f5200000000
0x00007f52402f0068:   0000000000000000 ffffffffffffffff
0x00007f52402f0078:   00007f5200000000 00007f5200000000
0x00007f52402f0088:   00007f52ff0101c7 00007f5200000000
0x00007f52402f0098:   00007f52402f0048 00007f52402f0089
0x00007f52402f00a8:   0000000800000002 0000000000000d00
0x00007f52402f00b8:   b0e654a6ac80df00 00007f52e9064629
0x00007f52402f00c8:   00007f5220001000 0000000000000000
0x00007f52402f00d8:   00007f52e01da310 00007f5220001000 

Instructions: (pc=0x00007f52e9c87b40)
0x00007f52e9c87b20:   cc e6 26 00 4c 8d 1d 25 00 04 00 4f 63 0c 8b 4f
0x00007f52e9c87b30:   8d 0c 0b 41 ff e1 0f 0b 0f 1f 84 00 00 00 00 00
0x00007f52e9c87b40:   f3 0f 6f 44 16 f0 48 01 d6 4c 8d 44 17 f0 48 01
0x00007f52e9c87b50:   d7 48 89 f9 48 83 e1 0f 48 31 cf 48 29 ca 48 29 

Register to memory mapping:

RAX=0x00007f5214004210 is an unknown value
RBX=0x00007f52e02c24f0 is an unknown value
RCX=0x00007f5214000020 is an unknown value
RDX=0x0000000000006162 is an unknown value
RSP=0x00007f52402efee8 is pointing into the stack for thread: 0x00007f5220001000
RBP=0x00007f52402eff60 is pointing into the stack for thread: 0x00007f5220001000
RSI=0x00007f52e401b687 is an unknown value
RDI=0x00007f5214004210 is an unknown value
R8 =0x00007f52140000e8 is an unknown value
R9 =0x0000000000000000 is an unknown value
R10=0x0000000000002f72 is an unknown value
R11=0x00007f52e9cc7a10: <offset 0x192a10> in /lib/x86_64-linux-gnu/libc.so.6 at 0x00007f52e9b35000
R12=0x0000000000006162 is an unknown value
R13=0x00007f52e401b659 is an unknown value
R14=0x0000000000006162 is an unknown value
R15=0x00007f5214002860 is an unknown value


Stack: [0x00007f52401f3000,0x00007f52402f4000],  sp=0x00007f52402efee8,  free space=1011k
Native frames: (J=compiled Java code, j=interpreted, Vv=VM code, C=native code)
C  [libc.so.6+0x152b40]
C  [libzip.so+0x5c64]
C  [libzip.so+0x3bbc]  Java_java_util_zip_ZipFile_getEntry+0xfc
J 17  java.util.zip.ZipFile.getEntry(J[BZ)J (0 bytes) @ 0x00007f52d110e7ce [0x00007f52d110e700+0xce]
J 51 C1 java.util.zip.ZipFile.getEntry(Ljava/lang/String;)Ljava/util/zip/ZipEntry; (86 bytes) @ 0x00007f52d111fe54 [0x00007f52d111fd00+0x154]
J 235 C1 java.util.jar.JarFile.getEntry(Ljava/lang/String;)Ljava/util/zip/ZipEntry; (22 bytes) @ 0x00007f52d11672fc [0x00007f52d11672c0+0x3c]
J 236 C1 sun.misc.URLClassPath$JarLoader.getResource(Ljava/lang/String;Z)Lsun/misc/Resource; (85 bytes) @ 0x00007f52d116781c [0x00007f52d1167760+0xbc]
J 180 C1 sun.misc.URLClassPath.getResource(Ljava/lang/String;Z)Lsun/misc/Resource; (83 bytes) @ 0x00007f52d1149edc [0x00007f52d1149e60+0x7c]
J 310 C1 java.net.URLClassLoader$1.run()Ljava/lang/Class; (63 bytes) @ 0x00007f52d118b844 [0x00007f52d118b7c0+0x84]
J 309 C1 java.net.URLClassLoader$1.run()Ljava/lang/Object; (5 bytes) @ 0x00007f52d118b4b4 [0x00007f52d118b480+0x34]
v  ~StubRoutines::call_stub
V  [libjvm.so+0x663ba3]  JavaCalls::call_helper(JavaValue*, methodHandle*, JavaCallArguments*, Thread*)+0xf53
V  [libjvm.so+0x6b0b0a]  JVM_DoPrivileged+0x46a
J 127  java.security.AccessController.doPrivileged(Ljava/security/PrivilegedExceptionAction;Ljava/security/AccessControlContext;)Ljava/lang/Object; (0 bytes) @ 0x00007f52d1138a15 [0x00007f52d1138940+0xd5]
J 252 C1 java.net.URLClassLoader.findClass(Ljava/lang/String;)Ljava/lang/Class; (47 bytes) @ 0x00007f52d1170b14 [0x00007f52d1170a60+0xb4]
J 2366 C1 java.lang.ClassLoader.loadClass(Ljava/lang/String;Z)Ljava/lang/Class; (122 bytes) @ 0x00007f52d15394ec [0x00007f52d1539260+0x28c]
J 374 C1 sun.misc.Launcher$AppClassLoader.loadClass(Ljava/lang/String;Z)Ljava/lang/Class; (85 bytes) @ 0x00007f52d11a9794 [0x00007f52d11a94c0+0x2d4]
J 365 C1 java.lang.ClassLoader.loadClass(Ljava/lang/String;)Ljava/lang/Class; (7 bytes) @ 0x00007f52d11a64c4 [0x00007f52d11a6480+0x44]
v  ~StubRoutines::call_stub
V  [libjvm.so+0x663ba3]  JavaCalls::call_helper(JavaValue*, methodHandle*, JavaCallArguments*, Thread*)+0xf53
V  [libjvm.so+0x661117]  JavaCalls::call_virtual(JavaValue*, KlassHandle, Symbol*, Symbol*, JavaCallArguments*, Thread*)+0x297
V  [libjvm.so+0x661773]  JavaCalls::call_virtual(JavaValue*, Handle, KlassHandle, Symbol*, Symbol*, Handle, Thread*)+0x63
V  [libjvm.so+0x9e32e5]  SystemDictionary::load_instance_class(Symbol*, Handle, Thread*)+0x415
V  [libjvm.so+0x9e1c5b]  SystemDictionary::resolve_instance_class_or_null(Symbol*, Handle, Handle, Thread*)+0x98b
V  [libjvm.so+0x9e3d6a]  SystemDictionary::resolve_or_fail(Symbol*, Handle, Handle, bool, Thread*)+0x5a
V  [libjvm.so+0x4b5583]  ConstantPool::klass_at_impl(constantPoolHandle, int, Thread*)+0x413
V  [libjvm.so+0x4b7cfd]  ConstantPool::klass_ref_at(int, Thread*)+0xcd
V  [libjvm.so+0x78cbf5]  LinkResolver::resolve_invokestatic(CallInfo&, constantPoolHandle, int, Thread*)+0xb5
V  [libjvm.so+0x78fd08]  LinkResolver::resolve_invoke(CallInfo&, Handle, constantPoolHandle, int, Bytecodes::Code, Thread*)+0x398
V  [libjvm.so+0x65af6d]  InterpreterRuntime::resolve_invoke(JavaThread*, Bytecodes::Code)+0x2dd
j  com.brunodunbar.grpc.sandbox.Services$ExtracaoRequest.<init>(Lcom/google/protobuf/CodedInputStream;Lcom/google/protobuf/ExtensionRegistryLite;)V+115
j  com.brunodunbar.grpc.sandbox.Services$ExtracaoRequest.<init>(Lcom/google/protobuf/CodedInputStream;Lcom/google/protobuf/ExtensionRegistryLite;Lcom/brunodunbar/grpc/sandbox/Services$1;)V+3
j  com.brunodunbar.grpc.sandbox.Services$ExtracaoRequest$1.parsePartialFrom(Lcom/google/protobuf/CodedInputStream;Lcom/google/protobuf/ExtensionRegistryLite;)Lcom/brunodunbar/grpc/sandbox/Services$ExtracaoRequest;+7
j  com.brunodunbar.grpc.sandbox.Services$ExtracaoRequest$1.parsePartialFrom(Lcom/google/protobuf/CodedInputStream;Lcom/google/protobuf/ExtensionRegistryLite;)Ljava/lang/Object;+3
j  com.google.protobuf.AbstractParser.parseFrom(Lcom/google/protobuf/CodedInputStream;Lcom/google/protobuf/ExtensionRegistryLite;)Lcom/google/protobuf/MessageLite;+4
j  com.google.protobuf.AbstractParser.parseFrom(Lcom/google/protobuf/CodedInputStream;Lcom/google/protobuf/ExtensionRegistryLite;)Ljava/lang/Object;+3
j  io.grpc.protobuf.lite.ProtoLiteUtils$2.parseFrom(Lcom/google/protobuf/CodedInputStream;)Lcom/google/protobuf/MessageLite;+8
j  io.grpc.protobuf.lite.ProtoLiteUtils$2.parse(Ljava/io/InputStream;)Lcom/google/protobuf/MessageLite;+233
j  io.grpc.protobuf.lite.ProtoLiteUtils$2.parse(Ljava/io/InputStream;)Ljava/lang/Object;+2
j  io.grpc.MethodDescriptor.parseRequest(Ljava/io/InputStream;)Ljava/lang/Object;+5
j  io.grpc.internal.ServerCallImpl$ServerStreamListenerImpl.messageRead(Ljava/io/InputStream;)V+187
j  io.grpc.internal.ServerImpl$JumpToApplicationThreadServerStreamListener$1.runInContext()V+11
j  io.grpc.internal.ContextRunnable.run()V+9
j  io.grpc.internal.SerializingExecutor$TaskRunner.run()V+71
j  java.util.concurrent.ThreadPoolExecutor.runWorker(Ljava/util/concurrent/ThreadPoolExecutor$Worker;)V+95
j  java.util.concurrent.ThreadPoolExecutor$Worker.run()V+5
j  java.lang.Thread.run()V+11
v  ~StubRoutines::call_stub
V  [libjvm.so+0x663ba3]  JavaCalls::call_helper(JavaValue*, methodHandle*, JavaCallArguments*, Thread*)+0xf53
V  [libjvm.so+0x661117]  JavaCalls::call_virtual(JavaValue*, KlassHandle, Symbol*, Symbol*, JavaCallArguments*, Thread*)+0x297
V  [libjvm.so+0x6616f7]  JavaCalls::call_virtual(JavaValue*, Handle, KlassHandle, Symbol*, Symbol*, Thread*)+0x57
V  [libjvm.so+0x6a2fc4]  thread_entry(JavaThread*, Thread*)+0x84
V  [libjvm.so+0xa10fab]  JavaThread::thread_main_inner()+0x1eb
V  [libjvm.so+0xa1146f]  JavaThread::run()+0x46f
V  [libjvm.so+0x8b8212]  java_start(Thread*)+0xf2
C  [libpthread.so.0+0x76da]  start_thread+0xca

Java frames: (J=compiled Java code, j=interpreted, Vv=VM code)
J 17  java.util.zip.ZipFile.getEntry(J[BZ)J (0 bytes) @ 0x00007f52d110e758 [0x00007f52d110e700+0x58]
J 51 C1 java.util.zip.ZipFile.getEntry(Ljava/lang/String;)Ljava/util/zip/ZipEntry; (86 bytes) @ 0x00007f52d111fe54 [0x00007f52d111fd00+0x154]
J 235 C1 java.util.jar.JarFile.getEntry(Ljava/lang/String;)Ljava/util/zip/ZipEntry; (22 bytes) @ 0x00007f52d11672fc [0x00007f52d11672c0+0x3c]
J 236 C1 sun.misc.URLClassPath$JarLoader.getResource(Ljava/lang/String;Z)Lsun/misc/Resource; (85 bytes) @ 0x00007f52d116781c [0x00007f52d1167760+0xbc]
J 180 C1 sun.misc.URLClassPath.getResource(Ljava/lang/String;Z)Lsun/misc/Resource; (83 bytes) @ 0x00007f52d1149edc [0x00007f52d1149e60+0x7c]
J 310 C1 java.net.URLClassLoader$1.run()Ljava/lang/Class; (63 bytes) @ 0x00007f52d118b844 [0x00007f52d118b7c0+0x84]
J 309 C1 java.net.URLClassLoader$1.run()Ljava/lang/Object; (5 bytes) @ 0x00007f52d118b4b4 [0x00007f52d118b480+0x34]
v  ~StubRoutines::call_stub
J 127  java.security.AccessController.doPrivileged(Ljava/security/PrivilegedExceptionAction;Ljava/security/AccessControlContext;)Ljava/lang/Object; (0 bytes) @ 0x00007f52d11389a3 [0x00007f52d1138940+0x63]
J 252 C1 java.net.URLClassLoader.findClass(Ljava/lang/String;)Ljava/lang/Class; (47 bytes) @ 0x00007f52d1170b14 [0x00007f52d1170a60+0xb4]
J 2366 C1 java.lang.ClassLoader.loadClass(Ljava/lang/String;Z)Ljava/lang/Class; (122 bytes) @ 0x00007f52d15394ec [0x00007f52d1539260+0x28c]
J 374 C1 sun.misc.Launcher$AppClassLoader.loadClass(Ljava/lang/String;Z)Ljava/lang/Class; (85 bytes) @ 0x00007f52d11a9794 [0x00007f52d11a94c0+0x2d4]
J 365 C1 java.lang.ClassLoader.loadClass(Ljava/lang/String;)Ljava/lang/Class; (7 bytes) @ 0x00007f52d11a64c4 [0x00007f52d11a6480+0x44]
v  ~StubRoutines::call_stub
j  com.brunodunbar.grpc.sandbox.Services$ExtracaoRequest.<init>(Lcom/google/protobuf/CodedInputStream;Lcom/google/protobuf/ExtensionRegistryLite;)V+115
j  com.brunodunbar.grpc.sandbox.Services$ExtracaoRequest.<init>(Lcom/google/protobuf/CodedInputStream;Lcom/google/protobuf/ExtensionRegistryLite;Lcom/brunodunbar/grpc/sandbox/Services$1;)V+3
j  com.brunodunbar.grpc.sandbox.Services$ExtracaoRequest$1.parsePartialFrom(Lcom/google/protobuf/CodedInputStream;Lcom/google/protobuf/ExtensionRegistryLite;)Lcom/brunodunbar/grpc/sandbox/Services$ExtracaoRequest;+7
j  com.brunodunbar.grpc.sandbox.Services$ExtracaoRequest$1.parsePartialFrom(Lcom/google/protobuf/CodedInputStream;Lcom/google/protobuf/ExtensionRegistryLite;)Ljava/lang/Object;+3
j  com.google.protobuf.AbstractParser.parseFrom(Lcom/google/protobuf/CodedInputStream;Lcom/google/protobuf/ExtensionRegistryLite;)Lcom/google/protobuf/MessageLite;+4
j  com.google.protobuf.AbstractParser.parseFrom(Lcom/google/protobuf/CodedInputStream;Lcom/google/protobuf/ExtensionRegistryLite;)Ljava/lang/Object;+3
j  io.grpc.protobuf.lite.ProtoLiteUtils$2.parseFrom(Lcom/google/protobuf/CodedInputStream;)Lcom/google/protobuf/MessageLite;+8
j  io.grpc.protobuf.lite.ProtoLiteUtils$2.parse(Ljava/io/InputStream;)Lcom/google/protobuf/MessageLite;+233
j  io.grpc.protobuf.lite.ProtoLiteUtils$2.parse(Ljava/io/InputStream;)Ljava/lang/Object;+2
j  io.grpc.MethodDescriptor.parseRequest(Ljava/io/InputStream;)Ljava/lang/Object;+5
j  io.grpc.internal.ServerCallImpl$ServerStreamListenerImpl.messageRead(Ljava/io/InputStream;)V+187
j  io.grpc.internal.ServerImpl$JumpToApplicationThreadServerStreamListener$1.runInContext()V+11
j  io.grpc.internal.ContextRunnable.run()V+9
j  io.grpc.internal.SerializingExecutor$TaskRunner.run()V+71
j  java.util.concurrent.ThreadPoolExecutor.runWorker(Ljava/util/concurrent/ThreadPoolExecutor$Worker;)V+95
j  java.util.concurrent.ThreadPoolExecutor$Worker.run()V+5
j  java.lang.Thread.run()V+11
v  ~StubRoutines::call_stub

---------------  P R O C E S S  ---------------

Java Threads: ( => current thread )
  0x00007f522400d000 JavaThread "grpc-default-worker-ELG-3-4" daemon [_thread_in_native, id=25191, stack(0x00007f52400f2000,0x00007f52401f3000)]
=>0x00007f5220001000 JavaThread "grpc-default-executor-4" daemon [_thread_in_native, id=25110, stack(0x00007f52401f3000,0x00007f52402f4000)]
  0x00007f522400c000 JavaThread "grpc-default-worker-ELG-3-3" daemon [_thread_in_native, id=24853, stack(0x00007f52412f5000,0x00007f52413f6000)]
  0x00007f522400b800 JavaThread "grpc-default-worker-ELG-3-2" daemon [_thread_in_native, id=24387, stack(0x00007f52423f7000,0x00007f52424f8000)]
  0x00007f52742b6800 JavaThread "threadDeathWatcher-4-1" daemon [_thread_blocked, id=24105, stack(0x00007f52a9b0d000,0x00007f52a9c0e000)]
  0x00007f522400a000 JavaThread "grpc-default-worker-ELG-3-1" daemon [_thread_in_native, id=24103, stack(0x00007f52aa014000,0x00007f52aa115000)]
  0x00007f52e000e000 JavaThread "DestroyJavaVM" [_thread_blocked, id=23926, stack(0x00007f52ea22f000,0x00007f52ea330000)]
  0x00007f52e0e6c000 JavaThread "Thread-4" [_thread_blocked, id=23983, stack(0x00007f52436f9000,0x00007f52437fa000)]
  0x00007f52e0e60000 JavaThread "grpc-default-boss-ELG-1-1" daemon [_thread_in_native, id=23982, stack(0x00007f52437fa000,0x00007f52438fb000)]
  0x00007f52e0bca000 JavaThread "http-nio-8080-AsyncTimeout" daemon [_thread_blocked, id=23981, stack(0x00007f5243afb000,0x00007f5243bfc000)]
  0x00007f52e0bc8800 JavaThread "http-nio-8080-Acceptor-0" daemon [_thread_in_native, id=23980, stack(0x00007f5243bfc000,0x00007f5243cfd000)]
  0x00007f52e0bc5800 JavaThread "http-nio-8080-ClientPoller-1" daemon [_thread_in_native, id=23979, stack(0x00007f5243cfd000,0x00007f5243dfe000)]
  0x00007f52e0bab800 JavaThread "http-nio-8080-ClientPoller-0" daemon [_thread_in_native, id=23978, stack(0x00007f5243dfe000,0x00007f5243eff000)]
  0x00007f52e0b8f800 JavaThread "http-nio-8080-exec-10" daemon [_thread_blocked, id=23977, stack(0x00007f5243eff000,0x00007f5244000000)]
  0x00007f52e0b8d800 JavaThread "http-nio-8080-exec-9" daemon [_thread_blocked, id=23976, stack(0x00007f52a80e3000,0x00007f52a81e4000)]
  0x00007f52e0b8b800 JavaThread "http-nio-8080-exec-8" daemon [_thread_blocked, id=23975, stack(0x00007f52a81e4000,0x00007f52a82e5000)]
  0x00007f52e0b89800 JavaThread "http-nio-8080-exec-7" daemon [_thread_blocked, id=23974, stack(0x00007f52a82e5000,0x00007f52a83e6000)]
  0x00007f52e0b87800 JavaThread "http-nio-8080-exec-6" daemon [_thread_blocked, id=23973, stack(0x00007f52a83e6000,0x00007f52a84e7000)]
  0x00007f52e0b86000 JavaThread "http-nio-8080-exec-5" daemon [_thread_blocked, id=23972, stack(0x00007f52a84e7000,0x00007f52a85e8000)]
  0x00007f52e0b84000 JavaThread "http-nio-8080-exec-4" daemon [_thread_blocked, id=23971, stack(0x00007f52a85e8000,0x00007f52a86e9000)]
  0x00007f52e0b82000 JavaThread "http-nio-8080-exec-3" daemon [_thread_blocked, id=23970, stack(0x00007f52a86e9000,0x00007f52a87ea000)]
  0x00007f52e0b80800 JavaThread "http-nio-8080-exec-2" daemon [_thread_blocked, id=23969, stack(0x00007f52a87ea000,0x00007f52a88eb000)]
  0x00007f52e0b7f000 JavaThread "http-nio-8080-exec-1" daemon [_thread_blocked, id=23968, stack(0x00007f52a88eb000,0x00007f52a89ec000)]
  0x00007f52e0b7a000 JavaThread "NioBlockingSelector.BlockPoller-1" daemon [_thread_in_native, id=23967, stack(0x00007f52a89ec000,0x00007f52a8aed000)]
  0x00007f52e0a73800 JavaThread "container-0" [_thread_blocked, id=23966, stack(0x00007f52a8ced000,0x00007f52a8dee000)]
  0x00007f52e0a71000 JavaThread "ContainerBackgroundProcessor[StandardEngine[Tomcat]]" daemon [_thread_blocked, id=23965, stack(0x00007f52a8dee000,0x00007f52a8eef000)]
  0x00007f52e056a800 JavaThread "Service Thread" daemon [_thread_blocked, id=23954, stack(0x00007f52aa453000,0x00007f52aa554000)]
  0x00007f52e0565800 JavaThread "C1 CompilerThread3" daemon [_thread_blocked, id=23953, stack(0x00007f52aaa72000,0x00007f52aab73000)]
  0x00007f52e0563800 JavaThread "C2 CompilerThread2" daemon [_thread_blocked, id=23952, stack(0x00007f52aab73000,0x00007f52aac74000)]
  0x00007f52e0561800 JavaThread "C2 CompilerThread1" daemon [_thread_blocked, id=23951, stack(0x00007f52aac74000,0x00007f52aad75000)]
  0x00007f52e055f800 JavaThread "C2 CompilerThread0" daemon [_thread_blocked, id=23950, stack(0x00007f52aad75000,0x00007f52aae76000)]
  0x00007f52e055e000 JavaThread "Monitor Ctrl-Break" daemon [_thread_in_native, id=23949, stack(0x00007f52aae76000,0x00007f52aaf77000)]
  0x00007f52e01fe800 JavaThread "Signal Dispatcher" daemon [_thread_blocked, id=23948, stack(0x00007f52ab02c000,0x00007f52ab12d000)]
  0x00007f52e01d7000 JavaThread "Finalizer" daemon [_thread_blocked, id=23940, stack(0x00007f52abafb000,0x00007f52abbfc000)]
  0x00007f52e01d2800 JavaThread "Reference Handler" daemon [_thread_blocked, id=23939, stack(0x00007f52abbfc000,0x00007f52abcfd000)]

Other Threads:
  0x00007f52e01cb000 VMThread [stack: 0x00007f52abcfd000,0x00007f52abdfe000] [id=23938]
  0x00007f52e056d800 WatcherThread [stack: 0x00007f52aa352000,0x00007f52aa453000] [id=23955]

VM state:not at safepoint (normal execution)

VM Mutex/Monitor currently owned by a thread: None

Heap:
 PSYoungGen      total 220672K, used 186973K [0x00000000d6980000, 0x00000000e7e80000, 0x0000000100000000)
  eden space 211968K, 84% used [0x00000000d6980000,0x00000000e17cc5b0,0x00000000e3880000)
  from space 8704K, 97% used [0x00000000e7600000,0x00000000e7e4b028,0x00000000e7e80000)
  to   space 12288K, 0% used [0x00000000e6680000,0x00000000e6680000,0x00000000e7280000)
 ParOldGen       total 64512K, used 13492K [0x0000000083c00000, 0x0000000087b00000, 0x00000000d6980000)
  object space 64512K, 20% used [0x0000000083c00000,0x000000008492d348,0x0000000087b00000)
 Metaspace       used 31712K, capacity 32218K, committed 32384K, reserved 1077248K
  class space    used 4057K, capacity 4175K, committed 4224K, reserved 1048576K

Card table byte_map: [0x00007f52e628a000,0x00007f52e666d000] byte_map_base: 0x00007f52e5e6c000

Marking Bits: (ParMarkBitMap*) 0x00007f52e94c9220
 Begin Bits: [0x00007f52c01e0000, 0x00007f52c20f0000)
 End Bits:   [0x00007f52c20f0000, 0x00007f52c4000000)

Polling page: 0x00007f52ea22e000

CodeCache: size=245760Kb used=7016Kb max_used=7016Kb free=238743Kb
 bounds [0x00007f52d1000000, 0x00007f52d16e0000, 0x00007f52e0000000]
 total_blobs=3683 nmethods=3242 adapters=355
 compilation: enabled

Compilation events (10 events):
Event: 684,589 Thread 0x00007f52e0565800 3242       1       io.netty.channel.nio.AbstractNioChannel::eventLoop (8 bytes)
Event: 684,589 Thread 0x00007f52e0565800 nmethod 3242 0x00007f52d16d72d0 code [0x00007f52d16d7440, 0x00007f52d16d7628]
Event: 684,595 Thread 0x00007f52e0565800 3243       1       io.netty.channel.nio.AbstractNioChannel::eventLoop (5 bytes)
Event: 684,595 Thread 0x00007f52e0565800 nmethod 3243 0x00007f52d16d7710 code [0x00007f52d16d7880, 0x00007f52d16d7a68]
Event: 684,629 Thread 0x00007f52e0565800 3244       1       io.netty.buffer.AbstractByteBuf::checkReadableBytes0 (66 bytes)
Event: 684,631 Thread 0x00007f52e0565800 nmethod 3244 0x00007f52d16d7b90 code [0x00007f52d16d7dc0, 0x00007f52d16d8718]
Event: 684,631 Thread 0x00007f52e0565800 3245       1       io.netty.handler.codec.http2.internal.hpack.HuffmanDecoder$DecoderProcessor::process (147 bytes)
Event: 684,631 Thread 0x00007f52e0565800 nmethod 3245 0x00007f52d16d9010 code [0x00007f52d16d9180, 0x00007f52d16d93e8]
Event: 684,631 Thread 0x00007f52e0565800 3246       1       io.netty.util.internal.InternalThreadLocalMap::get (23 bytes)
Event: 684,633 Thread 0x00007f52e0565800 nmethod 3246 0x00007f52d16d95d0 code [0x00007f52d16d9780, 0x00007f52d16d9e08]

GC Heap History (10 events):
Event: 0,857 GC heap before
{Heap before GC invocations=3 (full 0):
 PSYoungGen      total 70656K, used 70649K [0x00000000d6980000, 0x00000000db380000, 0x0000000100000000)
  eden space 65536K, 100% used [0x00000000d6980000,0x00000000da980000,0x00000000da980000)
  from space 5120K, 99% used [0x00000000dae80000,0x00000000db37e5a0,0x00000000db380000)
  to   space 5120K, 0% used [0x00000000da980000,0x00000000da980000,0x00000000dae80000)
 ParOldGen       total 86016K, used 2710K [0x0000000083c00000, 0x0000000089000000, 0x00000000d6980000)
  object space 86016K, 3% used [0x0000000083c00000,0x0000000083ea5a90,0x0000000089000000)
 Metaspace       used 15506K, capacity 15688K, committed 15872K, reserved 1062912K
  class space    used 1896K, capacity 1938K, committed 2048K, reserved 1048576K
Event: 0,877 GC heap after
Heap after GC invocations=3 (full 0):
 PSYoungGen      total 70656K, used 5108K [0x00000000d6980000, 0x00000000df380000, 0x0000000100000000)
  eden space 65536K, 0% used [0x00000000d6980000,0x00000000d6980000,0x00000000da980000)
  from space 5120K, 99% used [0x00000000da980000,0x00000000dae7d070,0x00000000dae80000)
  to   space 5120K, 0% used [0x00000000dee80000,0x00000000dee80000,0x00000000df380000)
 ParOldGen       total 86016K, used 8335K [0x0000000083c00000, 0x0000000089000000, 0x00000000d6980000)
  object space 86016K, 9% used [0x0000000083c00000,0x0000000084423c38,0x0000000089000000)
 Metaspace       used 15506K, capacity 15688K, committed 15872K, reserved 1062912K
  class space    used 1896K, capacity 1938K, committed 2048K, reserved 1048576K
}
Event: 1,093 GC heap before
{Heap before GC invocations=4 (full 0):
 PSYoungGen      total 70656K, used 70644K [0x00000000d6980000, 0x00000000df380000, 0x0000000100000000)
  eden space 65536K, 100% used [0x00000000d6980000,0x00000000da980000,0x00000000da980000)
  from space 5120K, 99% used [0x00000000da980000,0x00000000dae7d070,0x00000000dae80000)
  to   space 5120K, 0% used [0x00000000dee80000,0x00000000dee80000,0x00000000df380000)
 ParOldGen       total 86016K, used 8335K [0x0000000083c00000, 0x0000000089000000, 0x00000000d6980000)
  object space 86016K, 9% used [0x0000000083c00000,0x0000000084423c38,0x0000000089000000)
 Metaspace       used 17938K, capacity 18296K, committed 18560K, reserved 1064960K
  class space    used 2226K, capacity 2314K, committed 2432K, reserved 1048576K
Event: 1,112 GC heap after
Heap after GC invocations=4 (full 0):
 PSYoungGen      total 136192K, used 5088K [0x00000000d6980000, 0x00000000df380000, 0x0000000100000000)
  eden space 131072K, 0% used [0x00000000d6980000,0x00000000d6980000,0x00000000de980000)
  from space 5120K, 99% used [0x00000000dee80000,0x00000000df378020,0x00000000df380000)
  to   space 5120K, 0% used [0x00000000de980000,0x00000000de980000,0x00000000dee80000)
 ParOldGen       total 86016K, used 11675K [0x0000000083c00000, 0x0000000089000000, 0x00000000d6980000)
  object space 86016K, 13% used [0x0000000083c00000,0x0000000084766ee8,0x0000000089000000)
 Metaspace       used 17938K, capacity 18296K, committed 18560K, reserved 1064960K
  class space    used 2226K, capacity 2314K, committed 2432K, reserved 1048576K
}
Event: 1,460 GC heap before
{Heap before GC invocations=5 (full 0):
 PSYoungGen      total 136192K, used 76563K [0x00000000d6980000, 0x00000000df380000, 0x0000000100000000)
  eden space 131072K, 54% used [0x00000000d6980000,0x00000000daf4cf98,0x00000000de980000)
  from space 5120K, 99% used [0x00000000dee80000,0x00000000df378020,0x00000000df380000)
  to   space 5120K, 0% used [0x00000000de980000,0x00000000de980000,0x00000000dee80000)
 ParOldGen       total 86016K, used 11675K [0x0000000083c00000, 0x0000000089000000, 0x00000000d6980000)
  object space 86016K, 13% used [0x0000000083c00000,0x0000000084766ee8,0x0000000089000000)
 Metaspace       used 20751K, capacity 21050K, committed 21248K, reserved 1067008K
  class space    used 2623K, capacity 2709K, committed 2816K, reserved 1048576K
Event: 1,475 GC heap after
Heap after GC invocations=5 (full 0):
 PSYoungGen      total 136192K, used 5098K [0x00000000d6980000, 0x00000000e8280000, 0x0000000100000000)
  eden space 131072K, 0% used [0x00000000d6980000,0x00000000d6980000,0x00000000de980000)
  from space 5120K, 99% used [0x00000000de980000,0x00000000dee7ab60,0x00000000dee80000)
  to   space 12800K, 0% used [0x00000000e7600000,0x00000000e7600000,0x00000000e8280000)
 ParOldGen       total 86016K, used 15855K [0x0000000083c00000, 0x0000000089000000, 0x00000000d6980000)
  object space 86016K, 18% used [0x0000000083c00000,0x0000000084b7bc68,0x0000000089000000)
 Metaspace       used 20751K, capacity 21050K, committed 21248K, reserved 1067008K
  class space    used 2623K, capacity 2709K, committed 2816K, reserved 1048576K
}
Event: 1,475 GC heap before
{Heap before GC invocations=6 (full 1):
 PSYoungGen      total 136192K, used 5098K [0x00000000d6980000, 0x00000000e8280000, 0x0000000100000000)
  eden space 131072K, 0% used [0x00000000d6980000,0x00000000d6980000,0x00000000de980000)
  from space 5120K, 99% used [0x00000000de980000,0x00000000dee7ab60,0x00000000dee80000)
  to   space 12800K, 0% used [0x00000000e7600000,0x00000000e7600000,0x00000000e8280000)
 ParOldGen       total 86016K, used 15855K [0x0000000083c00000, 0x0000000089000000, 0x00000000d6980000)
  object space 86016K, 18% used [0x0000000083c00000,0x0000000084b7bc68,0x0000000089000000)
 Metaspace       used 20751K, capacity 21050K, committed 21248K, reserved 1067008K
  class space    used 2623K, capacity 2709K, committed 2816K, reserved 1048576K
Event: 1,513 GC heap after
Heap after GC invocations=6 (full 1):
 PSYoungGen      total 136192K, used 0K [0x00000000d6980000, 0x00000000e8280000, 0x0000000100000000)
  eden space 131072K, 0% used [0x00000000d6980000,0x00000000d6980000,0x00000000de980000)
  from space 5120K, 0% used [0x00000000de980000,0x00000000de980000,0x00000000dee80000)
  to   space 12800K, 0% used [0x00000000e7600000,0x00000000e7600000,0x00000000e8280000)
 ParOldGen       total 64512K, used 13484K [0x0000000083c00000, 0x0000000087b00000, 0x00000000d6980000)
  object space 64512K, 20% used [0x0000000083c00000,0x000000008492b348,0x0000000087b00000)
 Metaspace       used 20751K, capacity 21050K, committed 21248K, reserved 1067008K
  class space    used 2623K, capacity 2709K, committed 2816K, reserved 1048576K
}
Event: 2,121 GC heap before
{Heap before GC invocations=7 (full 1):
 PSYoungGen      total 136192K, used 131072K [0x00000000d6980000, 0x00000000e8280000, 0x0000000100000000)
  eden space 131072K, 100% used [0x00000000d6980000,0x00000000de980000,0x00000000de980000)
  from space 5120K, 0% used [0x00000000de980000,0x00000000de980000,0x00000000dee80000)
  to   space 12800K, 0% used [0x00000000e7600000,0x00000000e7600000,0x00000000e8280000)
 ParOldGen       total 64512K, used 13484K [0x0000000083c00000, 0x0000000087b00000, 0x00000000d6980000)
  object space 64512K, 20% used [0x0000000083c00000,0x000000008492b348,0x0000000087b00000)
 Metaspace       used 24474K, capacity 24854K, committed 25216K, reserved 1071104K
  class space    used 3091K, capacity 3199K, committed 3200K, reserved 1048576K
Event: 2,129 GC heap after
Heap after GC invocations=7 (full 1):
 PSYoungGen      total 220672K, used 8492K [0x00000000d6980000, 0x00000000e7e80000, 0x0000000100000000)
  eden space 211968K, 0% used [0x00000000d6980000,0x00000000d6980000,0x00000000e3880000)
  from space 8704K, 97% used [0x00000000e7600000,0x00000000e7e4b028,0x00000000e7e80000)
  to   space 12288K, 0% used [0x00000000e6680000,0x00000000e6680000,0x00000000e7280000)
 ParOldGen       total 64512K, used 13492K [0x0000000083c00000, 0x0000000087b00000, 0x00000000d6980000)
  object space 64512K, 20% used [0x0000000083c00000,0x000000008492d348,0x0000000087b00000)
 Metaspace       used 24474K, capacity 24854K, committed 25216K, reserved 1071104K
  class space    used 3091K, capacity 3199K, committed 3200K, reserved 1048576K
}

Deoptimization events (0 events):
No events

Internal exceptions (10 events):
Event: 2,565 Thread 0x00007f52e000e000 Exception <a 'java/lang/ClassNotFoundException': java/lang/ObjectCustomizer> (0x00000000dd839e08) thrown at [/build/openjdk-8-gNa4Mq/openjdk-8-8u121-b13/src/hotspot/src/share/vm/classfile/systemDictionary.cpp, line 210]
Event: 2,565 Thread 0x00007f52e000e000 Exception <a 'java/lang/ClassNotFoundException': org/springframework/boot/actuate/endpoint/jmx/EndpointMBeanCustomizer> (0x00000000dd858a00) thrown at [/build/openjdk-8-gNa4Mq/openjdk-8-8u121-b13/src/hotspot/src/share/vm/classfile/systemDictionary.cpp, li
Event: 2,565 Thread 0x00007f52e000e000 Exception <a 'java/lang/ClassNotFoundException': org/springframework/boot/actuate/endpoint/jmx/LoggersEndpointMBeanCustomizer> (0x00000000dd87cfb8) thrown at [/build/openjdk-8-gNa4Mq/openjdk-8-8u121-b13/src/hotspot/src/share/vm/classfile/systemDictionary.
Event: 2,566 Thread 0x00007f52e000e000 Exception <a 'java/lang/ClassNotFoundException': org/springframework/boot/actuate/endpoint/jmx/JmxEndpointCustomizer> (0x00000000dd8a82f0) thrown at [/build/openjdk-8-gNa4Mq/openjdk-8-8u121-b13/src/hotspot/src/share/vm/classfile/systemDictionary.cpp, line
Event: 2,581 Thread 0x00007f52e000e000 Exception <a 'java/lang/ArrayIndexOutOfBoundsException'> (0x00000000dd99fca8) thrown at [/build/openjdk-8-gNa4Mq/openjdk-8-8u121-b13/src/hotspot/src/share/vm/runtime/sharedRuntime.cpp, line 605]
Event: 2,582 Thread 0x00007f52e000e000 Exception <a 'java/lang/ArrayIndexOutOfBoundsException'> (0x00000000dd9afac0) thrown at [/build/openjdk-8-gNa4Mq/openjdk-8-8u121-b13/src/hotspot/src/share/vm/runtime/sharedRuntime.cpp, line 605]
Event: 2,582 Thread 0x00007f52e000e000 Exception <a 'java/lang/ArrayIndexOutOfBoundsException'> (0x00000000dd9b0a80) thrown at [/build/openjdk-8-gNa4Mq/openjdk-8-8u121-b13/src/hotspot/src/share/vm/runtime/sharedRuntime.cpp, line 605]
Event: 2,668 Thread 0x00007f52e000e000 Exception <a 'java/lang/ClassCastException': sun.misc.Cleaner cannot be cast to java.lang.Runnable> (0x00000000de921c98) thrown at [/build/openjdk-8-gNa4Mq/openjdk-8-8u121-b13/src/hotspot/src/share/vm/interpreter/interpreterRuntime.cpp, line 381]
Event: 2,669 Thread 0x00007f52e000e000 Exception <a 'java/lang/NoClassDefFoundError': javassist/ClassPool> (0x00000000de948a68) thrown at [/build/openjdk-8-gNa4Mq/openjdk-8-8u121-b13/src/hotspot/src/share/vm/classfile/systemDictionary.cpp, line 199]
Event: 2,669 Thread 0x00007f52e000e000 Exception <a 'java/lang/NoClassDefFoundError'> (0x00000000de948a68) thrown at [/build/openjdk-8-gNa4Mq/openjdk-8-8u121-b13/src/hotspot/src/share/vm/oops/instanceKlass.cpp, line 964]

Events (10 events):
Event: 684,633 loading class io/grpc/internal/CompositeReadableBuffer$3
Event: 684,633 loading class io/grpc/internal/CompositeReadableBuffer$3 done
Event: 684,634 loading class com/google/protobuf/CodedInputStream
Event: 684,634 loading class com/google/protobuf/CodedInputStream done
Event: 684,635 loading class com/google/protobuf/CodedInputStream$ArrayDecoder
Event: 684,635 loading class com/google/protobuf/CodedInputStream$ArrayDecoder done
Event: 684,636 loading class com/google/protobuf/WireFormat
Event: 684,636 loading class com/google/protobuf/WireFormat done
Event: 684,637 loading class com/brunodunbar/grpc/sandbox/Services$Value
Event: 684,637 loading class com/brunodunbar/grpc/sandbox/Services$Value done


Dynamic libraries:
83c00000-87b00000 rw-p 00000000 00:00 0 
87b00000-d6980000 ---p 00000000 00:00 0 
d6980000-e7e80000 rw-p 00000000 00:00 0 
e7e80000-100000000 ---p 00000000 00:00 0 
100000000-100420000 rw-p 00000000 00:00 0 
100420000-140000000 ---p 00000000 00:00 0 
55ccc3511000-55ccc3512000 r-xp 00000000 fd:00 9179586                    /usr/lib/jvm/java-8-openjdk-amd64/jre/bin/java
55ccc3711000-55ccc3712000 r--p 00000000 fd:00 9179586                    /usr/lib/jvm/java-8-openjdk-amd64/jre/bin/java
55ccc3712000-55ccc3713000 rw-p 00001000 fd:00 9179586                    /usr/lib/jvm/java-8-openjdk-amd64/jre/bin/java
55ccc5231000-55ccc5252000 rw-p 00000000 00:00 0                          [heap]
7f5212fff000-7f5214000000 rw-p 00000000 00:00 0 
7f5214000000-7f52142a1000 rw-p 00000000 00:00 0 
7f52142a1000-7f5218000000 ---p 00000000 00:00 0 
7f5218000000-7f5218021000 rw-p 00000000 00:00 0 
7f5218021000-7f521c000000 ---p 00000000 00:00 0 
7f521c000000-7f521c021000 rw-p 00000000 00:00 0 
7f521c021000-7f5220000000 ---p 00000000 00:00 0 
7f5220000000-7f5220021000 rw-p 00000000 00:00 0 
7f5220021000-7f5224000000 ---p 00000000 00:00 0 
7f5224000000-7f5224021000 rw-p 00000000 00:00 0 
7f5224021000-7f5228000000 ---p 00000000 00:00 0 
7f5228000000-7f5228021000 rw-p 00000000 00:00 0 
7f5228021000-7f522c000000 ---p 00000000 00:00 0 
7f522c000000-7f522c021000 rw-p 00000000 00:00 0 
7f522c021000-7f5230000000 ---p 00000000 00:00 0 
7f5230000000-7f5230021000 rw-p 00000000 00:00 0 
7f5230021000-7f5234000000 ---p 00000000 00:00 0 
7f5234000000-7f5234021000 rw-p 00000000 00:00 0 
7f5234021000-7f5238000000 ---p 00000000 00:00 0 
7f5238000000-7f5238021000 rw-p 00000000 00:00 0 
7f5238021000-7f523c000000 ---p 00000000 00:00 0 
7f523c000000-7f523c021000 rw-p 00000000 00:00 0 
7f523c021000-7f5240000000 ---p 00000000 00:00 0 
7f52400f2000-7f52400f5000 ---p 00000000 00:00 0 
7f52400f5000-7f52401f3000 rw-p 00000000 00:00 0 
7f52401f3000-7f52401f6000 ---p 00000000 00:00 0 
7f52401f6000-7f52412f5000 rw-p 00000000 00:00 0 
7f52412f5000-7f52412f8000 ---p 00000000 00:00 0 
7f52412f8000-7f52423f7000 rw-p 00000000 00:00 0 
7f52423f7000-7f52423fa000 ---p 00000000 00:00 0 
7f52423fa000-7f5243679000 rw-p 00000000 00:00 0 
7f5243679000-7f52436f9000 ---p 00000000 00:00 0 
7f52436f9000-7f52436fc000 ---p 00000000 00:00 0 
7f52436fc000-7f52437fa000 rw-p 00000000 00:00 0 
7f52437fa000-7f52437fd000 ---p 00000000 00:00 0 
7f52437fd000-7f5243afb000 rw-p 00000000 00:00 0 
7f5243afb000-7f5243afe000 ---p 00000000 00:00 0 
7f5243afe000-7f5243bfc000 rw-p 00000000 00:00 0 
7f5243bfc000-7f5243bff000 ---p 00000000 00:00 0 
7f5243bff000-7f5243cfd000 rw-p 00000000 00:00 0 
7f5243cfd000-7f5243d00000 ---p 00000000 00:00 0 
7f5243d00000-7f5243dfe000 rw-p 00000000 00:00 0 
7f5243dfe000-7f5243e01000 ---p 00000000 00:00 0 
7f5243e01000-7f5243eff000 rw-p 00000000 00:00 0 
7f5243eff000-7f5243f02000 ---p 00000000 00:00 0 
7f5243f02000-7f5244000000 rw-p 00000000 00:00 0 
7f5244000000-7f5244021000 rw-p 00000000 00:00 0 
7f5244021000-7f5248000000 ---p 00000000 00:00 0 
7f5248000000-7f5248021000 rw-p 00000000 00:00 0 
7f5248021000-7f524c000000 ---p 00000000 00:00 0 
7f524c000000-7f524c021000 rw-p 00000000 00:00 0 
7f524c021000-7f5250000000 ---p 00000000 00:00 0 
7f5250000000-7f5250021000 rw-p 00000000 00:00 0 
7f5250021000-7f5254000000 ---p 00000000 00:00 0 
7f5254000000-7f5254021000 rw-p 00000000 00:00 0 
7f5254021000-7f5258000000 ---p 00000000 00:00 0 
7f5258000000-7f5258021000 rw-p 00000000 00:00 0 
7f5258021000-7f525c000000 ---p 00000000 00:00 0 
7f525c000000-7f525c021000 rw-p 00000000 00:00 0 
7f525c021000-7f5260000000 ---p 00000000 00:00 0 
7f5260000000-7f5260021000 rw-p 00000000 00:00 0 
7f5260021000-7f5264000000 ---p 00000000 00:00 0 
7f5264000000-7f5264021000 rw-p 00000000 00:00 0 
7f5264021000-7f5268000000 ---p 00000000 00:00 0 
7f5268000000-7f5268021000 rw-p 00000000 00:00 0 
7f5268021000-7f526c000000 ---p 00000000 00:00 0 
7f526c000000-7f526c021000 rw-p 00000000 00:00 0 
7f526c021000-7f5270000000 ---p 00000000 00:00 0 
7f5270000000-7f5270021000 rw-p 00000000 00:00 0 
7f5270021000-7f5274000000 ---p 00000000 00:00 0 
7f5274000000-7f52742dc000 rw-p 00000000 00:00 0 
7f52742dc000-7f5278000000 ---p 00000000 00:00 0 
7f5278000000-7f52782d2000 rw-p 00000000 00:00 0 
7f52782d2000-7f527c000000 ---p 00000000 00:00 0 
7f527c000000-7f527c021000 rw-p 00000000 00:00 0 
7f527c021000-7f5280000000 ---p 00000000 00:00 0 
7f5280000000-7f5280021000 rw-p 00000000 00:00 0 
7f5280021000-7f5284000000 ---p 00000000 00:00 0 
7f5284000000-7f5284021000 rw-p 00000000 00:00 0 
7f5284021000-7f5288000000 ---p 00000000 00:00 0 
7f5288000000-7f52886a3000 rw-p 00000000 00:00 0 
7f52886a3000-7f528c000000 ---p 00000000 00:00 0 
7f528c000000-7f528c021000 rw-p 00000000 00:00 0 
7f528c021000-7f5290000000 ---p 00000000 00:00 0 
7f5290000000-7f5290066000 rw-p 00000000 00:00 0 
7f5290066000-7f5294000000 ---p 00000000 00:00 0 
7f5294000000-7f5294021000 rw-p 00000000 00:00 0 
7f5294021000-7f5298000000 ---p 00000000 00:00 0 
7f5298000000-7f5298029000 rw-p 00000000 00:00 0 
7f5298029000-7f529c000000 ---p 00000000 00:00 0 
7f529c000000-7f529c021000 rw-p 00000000 00:00 0 
7f529c021000-7f52a0000000 ---p 00000000 00:00 0 
7f52a0000000-7f52a0021000 rw-p 00000000 00:00 0 
7f52a0021000-7f52a4000000 ---p 00000000 00:00 0 
7f52a4000000-7f52a4021000 rw-p 00000000 00:00 0 
7f52a4021000-7f52a8000000 ---p 00000000 00:00 0 
7f52a80e3000-7f52a80e6000 ---p 00000000 00:00 0 
7f52a80e6000-7f52a81e4000 rw-p 00000000 00:00 0 
7f52a81e4000-7f52a81e7000 ---p 00000000 00:00 0 
7f52a81e7000-7f52a82e5000 rw-p 00000000 00:00 0 
7f52a82e5000-7f52a82e8000 ---p 00000000 00:00 0 
7f52a82e8000-7f52a83e6000 rw-p 00000000 00:00 0 
7f52a83e6000-7f52a83e9000 ---p 00000000 00:00 0 
7f52a83e9000-7f52a84e7000 rw-p 00000000 00:00 0 
7f52a84e7000-7f52a84ea000 ---p 00000000 00:00 0 
7f52a84ea000-7f52a85e8000 rw-p 00000000 00:00 0 
7f52a85e8000-7f52a85eb000 ---p 00000000 00:00 0 
7f52a85eb000-7f52a86e9000 rw-p 00000000 00:00 0 
7f52a86e9000-7f52a86ec000 ---p 00000000 00:00 0 
7f52a86ec000-7f52a87ea000 rw-p 00000000 00:00 0 
7f52a87ea000-7f52a87ed000 ---p 00000000 00:00 0 
7f52a87ed000-7f52a88eb000 rw-p 00000000 00:00 0 
7f52a88eb000-7f52a88ee000 ---p 00000000 00:00 0 
7f52a88ee000-7f52a89ec000 rw-p 00000000 00:00 0 
7f52a89ec000-7f52a89ef000 ---p 00000000 00:00 0 
7f52a89ef000-7f52a8ced000 rw-p 00000000 00:00 0 
7f52a8ced000-7f52a8cf0000 ---p 00000000 00:00 0 
7f52a8cf0000-7f52a8dee000 rw-p 00000000 00:00 0 
7f52a8dee000-7f52a8df1000 ---p 00000000 00:00 0 
7f52a8df1000-7f52a90ef000 rw-p 00000000 00:00 0 
7f52a90ef000-7f52a90f3000 r--s 0009a000 fd:00 9179669                    /usr/lib/jvm/java-8-openjdk-amd64/jre/lib/jsse.jar
7f52a90f5000-7f52a92f5000 rw-p 00000000 00:00 0 
7f52a92f5000-7f52a94f5000 rw-p 00000000 00:00 0 
7f52a94f5000-7f52a96f5000 rw-p 00000000 00:00 0 
7f52a96f5000-7f52a9706000 r-xp 00000000 fd:00 9179625                    /usr/lib/jvm/java-8-openjdk-amd64/jre/lib/amd64/libnio.so
7f52a9706000-7f52a9906000 ---p 00011000 fd:00 9179625                    /usr/lib/jvm/java-8-openjdk-amd64/jre/lib/amd64/libnio.so
7f52a9906000-7f52a9907000 r--p 00011000 fd:00 9179625                    /usr/lib/jvm/java-8-openjdk-amd64/jre/lib/amd64/libnio.so
7f52a9907000-7f52a9908000 rw-p 00012000 fd:00 9179625                    /usr/lib/jvm/java-8-openjdk-amd64/jre/lib/amd64/libnio.so
7f52a990d000-7f52a9b0d000 rw-p 00000000 00:00 0 
7f52a9b0d000-7f52a9b10000 ---p 00000000 00:00 0 
7f52a9b10000-7f52a9e0e000 rw-p 00000000 00:00 0 
7f52a9e0e000-7f52aa00e000 rw-p 00000000 00:00 0 
7f52aa00e000-7f52aa013000 r--s 002f9000 fd:00 9179636                    /usr/lib/jvm/java-8-openjdk-amd64/jre/lib/charsets.jar
7f52aa014000-7f52aa017000 ---p 00000000 00:00 0 
7f52aa017000-7f52aa115000 rw-p 00000000 00:00 0 
7f52aa115000-7f52aa11e000 r-xp 00000000 fd:00 9179622                    /usr/lib/jvm/java-8-openjdk-amd64/jre/lib/amd64/libmanagement.so
7f52aa11e000-7f52aa31d000 ---p 00009000 fd:00 9179622                    /usr/lib/jvm/java-8-openjdk-amd64/jre/lib/amd64/libmanagement.so
7f52aa31d000-7f52aa31e000 r--p 00008000 fd:00 9179622                    /usr/lib/jvm/java-8-openjdk-amd64/jre/lib/amd64/libmanagement.so
7f52aa31e000-7f52aa31f000 rw-p 00009000 fd:00 9179622                    /usr/lib/jvm/java-8-openjdk-amd64/jre/lib/amd64/libmanagement.so
7f52aa325000-7f52aa32c000 r--s 00000000 fd:00 9310799                    /usr/lib/x86_64-linux-gnu/gconv/gconv-modules.cache
7f52aa32d000-7f52aa34e000 r--p 00000000 fd:00 10502714                   /usr/share/locale-langpack/pt_BR/LC_MESSAGES/libc.mo
7f52aa352000-7f52aa353000 ---p 00000000 00:00 0 
7f52aa353000-7f52aa453000 rw-p 00000000 00:00 0 
7f52aa453000-7f52aa456000 ---p 00000000 00:00 0 
7f52aa456000-7f52aa855000 rw-p 00000000 00:00 0 
7f52aa855000-7f52aa86c000 r-xp 00000000 fd:00 9179624                    /usr/lib/jvm/java-8-openjdk-amd64/jre/lib/amd64/libnet.so
7f52aa86c000-7f52aaa6b000 ---p 00017000 fd:00 9179624                    /usr/lib/jvm/java-8-openjdk-amd64/jre/lib/amd64/libnet.so
7f52aaa6b000-7f52aaa6c000 r--p 00016000 fd:00 9179624                    /usr/lib/jvm/java-8-openjdk-amd64/jre/lib/amd64/libnet.so
7f52aaa6c000-7f52aaa6d000 rw-p 00017000 fd:00 9179624                    /usr/lib/jvm/java-8-openjdk-amd64/jre/lib/amd64/libnet.so
7f52aaa72000-7f52aaa75000 ---p 00000000 00:00 0 
7f52aaa75000-7f52aab73000 rw-p 00000000 00:00 0 
7f52aab73000-7f52aab76000 ---p 00000000 00:00 0 
7f52aab76000-7f52aac74000 rw-p 00000000 00:00 0 
7f52aac74000-7f52aac77000 ---p 00000000 00:00 0 
7f52aac77000-7f52aad75000 rw-p 00000000 00:00 0 
7f52aad75000-7f52aad78000 ---p 00000000 00:00 0 
7f52aad78000-7f52aae76000 rw-p 00000000 00:00 0 
7f52aae76000-7f52aae79000 ---p 00000000 00:00 0 
7f52aae79000-7f52aaf77000 rw-p 00000000 00:00 0 
7f52aaf77000-7f52aaf79000 r--s 0001a000 fd:00 10236775                   /opt/idea-IU-171.4073.35/lib/idea_rt.jar
7f52aaf79000-7f52aaf8f000 r--s 000fc000 fd:00 2622132                    /home/bruno/.m2/repository/org/springframework/spring-core/4.3.8.RELEASE/spring-core-4.3.8.RELEASE.jar
7f52aaf96000-7f52aaf98000 r--s 00009000 fd:00 2622181                    /home/bruno/.m2/repository/org/slf4j/slf4j-api/1.7.25/slf4j-api-1.7.25.jar
7f52aaf99000-7f52aaf9e000 r--s 0003c000 fd:00 2622120                    /home/bruno/.m2/repository/org/springframework/spring-expression/4.3.8.RELEASE/spring-expression-4.3.8.RELEASE.jar
7f52aafa4000-7f52aafb5000 r--s 000cf000 fd:00 2622155                    /home/bruno/.m2/repository/org/springframework/spring-webmvc/4.3.8.RELEASE/spring-webmvc-4.3.8.RELEASE.jar
7f52aafba000-7f52aafc8000 r--s 000ad000 fd:00 2622185                    /home/bruno/.m2/repository/org/springframework/spring-beans/4.3.8.RELEASE/spring-beans-4.3.8.RELEASE.jar
7f52aafc9000-7f52aafd2000 r--s 00054000 fd:00 2622141                    /home/bruno/.m2/repository/org/springframework/spring-aop/4.3.8.RELEASE/spring-aop-4.3.8.RELEASE.jar
7f52aafd4000-7f52aafe5000 r--s 000b7000 fd:00 2622129                    /home/bruno/.m2/repository/org/springframework/spring-web/4.3.8.RELEASE/spring-web-4.3.8.RELEASE.jar
7f52aafe7000-7f52aafea000 r--s 00042000 fd:00 2622174                    /home/bruno/.m2/repository/com/fasterxml/jackson/core/jackson-core/2.8.8/jackson-core-2.8.8.jar
7f52aaff0000-7f52aaff3000 r--s 0000b000 fd:00 2622172                    /home/bruno/.m2/repository/com/fasterxml/jackson/core/jackson-annotations/2.8.0/jackson-annotations-2.8.0.jar
7f52aaffa000-7f52ab00c000 r--s 0011d000 fd:00 2622170                    /home/bruno/.m2/repository/com/fasterxml/jackson/core/jackson-databind/2.8.8/jackson-databind-2.8.8.jar
7f52ab013000-7f52ab016000 r--s 0000e000 fd:00 2622166                    /home/bruno/.m2/repository/org/jboss/logging/jboss-logging/3.3.1.Final/jboss-logging-3.3.1.Final.jar
7f52ab016000-7f52ab027000 r--s 000a1000 fd:00 2622118                    /home/bruno/.m2/repository/org/hibernate/hibernate-validator/5.3.5.Final/hibernate-validator-5.3.5.Final.jar
7f52ab02c000-7f52ab02f000 ---p 00000000 00:00 0 
7f52ab02f000-7f52ab12d000 rw-p 00000000 00:00 0 
7f52ab12d000-7f52abaf4000 r--p 00000000 fd:00 9051503                    /usr/lib/locale/locale-archive
7f52abafb000-7f52abafe000 ---p 00000000 00:00 0 
7f52abafe000-7f52abbfc000 rw-p 00000000 00:00 0 
7f52abbfc000-7f52abbff000 ---p 00000000 00:00 0 
7f52abbff000-7f52abcfd000 rw-p 00000000 00:00 0 
7f52abcfd000-7f52abcfe000 ---p 00000000 00:00 0 
7f52abcfe000-7f52ac000000 rw-p 00000000 00:00 0 
7f52ac000000-7f52ac021000 rw-p 00000000 00:00 0 
7f52ac021000-7f52b0000000 ---p 00000000 00:00 0 
7f52b0000000-7f52b0021000 rw-p 00000000 00:00 0 
7f52b0021000-7f52b4000000 ---p 00000000 00:00 0 
7f52b4000000-7f52b4021000 rw-p 00000000 00:00 0 
7f52b4021000-7f52b8000000 ---p 00000000 00:00 0 
7f52b8000000-7f52b8021000 rw-p 00000000 00:00 0 
7f52b8021000-7f52bc000000 ---p 00000000 00:00 0 
7f52bc000000-7f52bc021000 rw-p 00000000 00:00 0 
7f52bc021000-7f52c0000000 ---p 00000000 00:00 0 
7f52c0003000-7f52c0005000 r--s 0000e000 fd:00 2622168                    /home/bruno/.m2/repository/com/fasterxml/classmate/1.3.3/classmate-1.3.3.jar
7f52c0009000-7f52c000d000 r--s 0000c000 fd:00 2622164                    /home/bruno/.m2/repository/javax/validation/validation-api/1.1.0.Final/validation-api-1.1.0.Final.jar
7f52c0013000-7f52c0018000 r--s 00036000 fd:00 2622162                    /home/bruno/.m2/repository/org/apache/tomcat/embed/tomcat-embed-websocket/8.5.14/tomcat-embed-websocket-8.5.14.jar
7f52c001c000-7f52c0020000 r--s 00037000 fd:00 2622151                    /home/bruno/.m2/repository/org/apache/tomcat/embed/tomcat-embed-el/8.5.14/tomcat-embed-el-8.5.14.jar
7f52c0024000-7f52c004d000 r--s 002bf000 fd:00 2622133                    /home/bruno/.m2/repository/org/apache/tomcat/embed/tomcat-embed-core/8.5.14/tomcat-embed-core-8.5.14.jar
7f52c004d000-7f52c004e000 r--s 00000000 fd:00 2622160                    /home/bruno/.m2/repository/org/springframework/boot/spring-boot-starter-tomcat/1.5.3.RELEASE/spring-boot-starter-tomcat-1.5.3.RELEASE.jar
7f52c0055000-7f52c0056000 r--s 00000000 fd:00 2622135                    /home/bruno/.m2/repository/org/springframework/boot/spring-boot-starter-web/1.5.3.RELEASE/spring-boot-starter-web-1.5.3.RELEASE.jar
7f52c0057000-7f52c005b000 r--s 0001a000 fd:00 2492567                    /home/bruno/.m2/repository/io/netty/netty-codec-socks/4.1.8.Final/netty-codec-socks-4.1.8.Final.jar
7f52c005d000-7f52c0066000 r--s 00060000 fd:00 2492580                    /home/bruno/.m2/repository/io/netty/netty-transport/4.1.8.Final/netty-transport-4.1.8.Final.jar
7f52c006a000-7f52c0077000 r--s 0009d000 fd:00 2492578                    /home/bruno/.m2/repository/io/netty/netty-common/4.1.8.Final/netty-common-4.1.8.Final.jar
7f52c0079000-7f52c007d000 r--s 0003c000 fd:00 2492575                    /home/bruno/.m2/repository/io/netty/netty-buffer/4.1.8.Final/netty-buffer-4.1.8.Final.jar
7f52c0080000-7f52c0087000 r--s 0004b000 fd:00 2492562                    /home/bruno/.m2/repository/io/netty/netty-handler/4.1.8.Final/netty-handler-4.1.8.Final.jar
7f52c008b000-7f52c0091000 r--s 00046000 fd:00 2492581                    /home/bruno/.m2/repository/io/netty/netty-codec/4.1.8.Final/netty-codec-4.1.8.Final.jar
7f52c0098000-7f52c00a3000 r--s 0007b000 fd:00 2492566                    /home/bruno/.m2/repository/io/netty/netty-codec-http/4.1.8.Final/netty-codec-http-4.1.8.Final.jar
7f52c00a7000-7f52c00ae000 r--s 00052000 fd:00 2492558                    /home/bruno/.m2/repository/io/netty/netty-codec-http2/4.1.8.Final/netty-codec-http2-4.1.8.Final.jar
7f52c00b2000-7f52c00cc000 r--s 000fd000 fd:00 2622152                    /home/bruno/.m2/repository/org/springframework/spring-context/4.3.8.RELEASE/spring-context-4.3.8.RELEASE.jar
7f52c00cd000-7f52c00dd000 r--s 00078000 fd:00 2622150                    /home/bruno/.m2/repository/org/springframework/boot/spring-boot-actuator/1.5.3.RELEASE/spring-boot-actuator-1.5.3.RELEASE.jar
7f52c00df000-7f52c4000000 rw-p 00000000 00:00 0 
7f52c4000000-7f52c4021000 rw-p 00000000 00:00 0 
7f52c4021000-7f52c8000000 ---p 00000000 00:00 0 
7f52c8000000-7f52c8021000 rw-p 00000000 00:00 0 
7f52c8021000-7f52cc000000 ---p 00000000 00:00 0 
7f52cc000000-7f52cc021000 rw-p 00000000 00:00 0 
7f52cc021000-7f52d0000000 ---p 00000000 00:00 0 
7f52d0003000-7f52d0005000 r--s 00006000 fd:00 2492547                    /home/bruno/.m2/repository/io/netty/netty-resolver/4.1.8.Final/netty-resolver-4.1.8.Final.jar
7f52d0009000-7f52d000a000 r--s 00004000 fd:00 2492570                    /home/bruno/.m2/repository/io/netty/netty-handler-proxy/4.1.8.Final/netty-handler-proxy-4.1.8.Final.jar
7f52d000a000-7f52d000e000 r--s 00025000 fd:00 2492540                    /home/bruno/.m2/repository/io/grpc/grpc-netty/1.2.0/grpc-netty-1.2.0.jar
7f52d000e000-7f52d0010000 r--s 00001000 fd:00 2623250                    /home/bruno/.m2/repository/org/lognet/grpc-spring-boot-starter/2.0.2/grpc-spring-boot-starter-2.0.2.jar
7f52d0012000-7f52d0018000 r--s 0003d000 fd:00 2622138                    /home/bruno/.m2/repository/org/yaml/snakeyaml/1.17/snakeyaml-1.17.jar
7f52d0019000-7f52d001b000 r--s 00004000 fd:00 2622119                    /home/bruno/.m2/repository/org/slf4j/log4j-over-slf4j/1.7.25/log4j-over-slf4j-1.7.25.jar
7f52d001d000-7f52d001f000 r--s 00000000 fd:00 2622139                    /home/bruno/.m2/repository/org/slf4j/jul-to-slf4j/1.7.25/jul-to-slf4j-1.7.25.jar
7f52d0020000-7f52d0022000 r--s 00003000 fd:00 2622136                    /home/bruno/.m2/repository/org/slf4j/jcl-over-slf4j/1.7.25/jcl-over-slf4j-1.7.25.jar
7f52d0027000-7f52d0032000 r--s 0006a000 fd:00 2622131                    /home/bruno/.m2/repository/ch/qos/logback/logback-core/1.1.11/logback-core-1.1.11.jar
7f52d0032000-7f52d0039000 r--s 00045000 fd:00 2622128                    /home/bruno/.m2/repository/ch/qos/logback/logback-classic/1.1.11/logback-classic-1.1.11.jar
7f52d003d000-7f52d003e000 r--s 00000000 fd:00 2622125                    /home/bruno/.m2/repository/org/springframework/boot/spring-boot-starter-logging/1.5.3.RELEASE/spring-boot-starter-logging-1.5.3.RELEASE.jar
7f52d0041000-7f52d0061000 r--s 000e4000 fd:00 2622117                    /home/bruno/.m2/repository/org/springframework/boot/spring-boot-autoconfigure/1.5.3.RELEASE/spring-boot-autoconfigure-1.5.3.RELEASE.jar
7f52d0061000-7f52d0071000 r--s 00094000 fd:00 2622188                    /home/bruno/.m2/repository/org/springframework/boot/spring-boot/1.5.3.RELEASE/spring-boot-1.5.3.RELEASE.jar
7f52d0075000-7f52d0076000 r--s 00000000 fd:00 2622156                    /home/bruno/.m2/repository/org/springframework/boot/spring-boot-starter/1.5.3.RELEASE/spring-boot-starter-1.5.3.RELEASE.jar
7f52d007d000-7f52d007e000 r--s 00000000 fd:00 2622113                    /home/bruno/.m2/repository/org/springframework/boot/spring-boot-starter-actuator/1.5.3.RELEASE/spring-boot-starter-actuator-1.5.3.RELEASE.jar
7f52d0085000-7f52d0086000 r--s 00008000 fd:00 2492541                    /home/bruno/.m2/repository/io/grpc/grpc-stub/1.2.0/grpc-stub-1.2.0.jar
7f52d0086000-7f52d0087000 r--s 00001000 fd:00 2492586                    /home/bruno/.m2/repository/io/grpc/grpc-protobuf-lite/1.2.0/grpc-protobuf-lite-1.2.0.jar
7f52d0089000-7f52d008e000 r--s 00034000 fd:00 2623173                    /home/bruno/.m2/repository/com/google/code/gson/gson/2.8.0/gson-2.8.0.jar
7f52d0094000-7f52d0096000 r--s 0000f000 fd:00 2492563                    /home/bruno/.m2/repository/com/google/protobuf/protobuf-java-util/3.2.0/protobuf-java-util-3.2.0.jar
7f52d009d000-7f52d00c9000 r--s 00208000 fd:00 2492548                    /home/bruno/.m2/repository/com/google/guava/guava/19.0/guava-19.0.jar
7f52d00cf000-7f52d00de000 r--s 0013a000 fd:00 2492543                    /home/bruno/.m2/repository/com/google/protobuf/protobuf-java/3.2.0/protobuf-java-3.2.0.jar
7f52d00e3000-7f52d00e5000 r--s 00006000 fd:00 2492553                    /home/bruno/.m2/repository/com/google/instrumentation/instrumentation-api/0.3.0/instrumentation-api-0.3.0.jar
7f52d00e9000-7f52d00ea000 r--s 00004000 fd:00 2492552                    /home/bruno/.m2/repository/io/grpc/grpc-context/1.2.0/grpc-context-1.2.0.jar
7f52d00eb000-7f52d00ee000 r--s 00006000 fd:00 2492554                    /home/bruno/.m2/repository/com/google/code/findbugs/jsr305/3.0.0/jsr305-3.0.0.jar
7f52d00f1000-7f52d1000000 rw-p 00000000 00:00 0 
7f52d1000000-7f52d16e0000 rwxp 00000000 00:00 0 
7f52d16e0000-7f52e0000000 ---p 00000000 00:00 0 
7f52e0000000-7f52e0e70000 rw-p 00000000 00:00 0 
7f52e0e70000-7f52e4000000 ---p 00000000 00:00 0 
7f52e4006000-7f52e4008000 r--s 00001000 fd:00 2492542                    /home/bruno/.m2/repository/com/google/errorprone/error_prone_annotations/2.0.11/error_prone_annotations-2.0.11.jar
7f52e400c000-7f52e4015000 r--s 0005f000 fd:00 2492564                    /home/bruno/.m2/repository/io/grpc/grpc-core/1.2.0/grpc-core-1.2.0.jar
7f52e4015000-7f52e4016000 r--s 00000000 fd:00 2492584                    /home/bruno/.m2/repository/io/grpc/grpc-protobuf/1.2.0/grpc-protobuf-1.2.0.jar
7f52e401a000-7f52e401c000 r--s 0000d000 fd:00 2621554                    /home/bruno/.m2/repository/com/brunodunbar/grpc-sandbox-api/1.0-SNAPSHOT/grpc-sandbox-api-1.0-SNAPSHOT.jar
7f52e4023000-7f52e4036000 r--s 00346000 fd:00 9179674                    /usr/lib/jvm/java-8-openjdk-amd64/jre/lib/resources.jar
7f52e403d000-7f52e403e000 r--s 00000000 fd:00 9179672                    /usr/lib/jvm/java-8-openjdk-amd64/jre/lib/management-agent.jar
7f52e403f000-7f52e4043000 r--s 0009a000 fd:00 9179669                    /usr/lib/jvm/java-8-openjdk-amd64/jre/lib/jsse.jar
7f52e404a000-7f52e404d000 r--s 00015000 fd:00 9179667                    /usr/lib/jvm/java-8-openjdk-amd64/jre/lib/jce.jar
7f52e4054000-7f52e4056000 r--s 00007000 fd:00 9578348                    /usr/share/java/java-atk-wrapper.jar
7f52e4056000-7f52e405b000 r--s 002f9000 fd:00 9179636                    /usr/lib/jvm/java-8-openjdk-amd64/jre/lib/charsets.jar
7f52e405c000-7f52e405e000 r--s 00007000 fd:00 9578348                    /usr/share/java/java-atk-wrapper.jar
7f52e4063000-7f52e407e000 r--s 001d6000 fd:00 9179651                    /usr/lib/jvm/java-8-openjdk-amd64/jre/lib/ext/nashorn.jar
7f52e407e000-7f52e4080000 r--s 00001000 fd:00 9179647                    /usr/lib/jvm/java-8-openjdk-amd64/jre/lib/ext/dnsns.jar
7f52e4085000-7f52e4086000 r--s 00010000 fd:00 9179655                    /usr/lib/jvm/java-8-openjdk-amd64/jre/lib/ext/zipfs.jar
7f52e408b000-7f52e4095000 r--s 00116000 fd:00 9179650                    /usr/lib/jvm/java-8-openjdk-amd64/jre/lib/ext/localedata.jar
7f52e4099000-7f52e40b4000 r--s 00394000 fd:00 9179646                    /usr/lib/jvm/java-8-openjdk-amd64/jre/lib/ext/cldrdata.jar
7f52e40b5000-7f52e40b7000 r--s 00008000 fd:00 9179652                    /usr/lib/jvm/java-8-openjdk-amd64/jre/lib/ext/sunec.jar
7f52e40ba000-7f52e49c3000 rw-p 00000000 00:00 0 
7f52e49c3000-7f52e4b91000 r--s 03c06000 fd:00 9179675                    /usr/lib/jvm/java-8-openjdk-amd64/jre/lib/rt.jar
7f52e4b93000-7f52e57eb000 rw-p 00000000 00:00 0 
7f52e57eb000-7f52e57ec000 ---p 00000000 00:00 0 
7f52e57ec000-7f52e58ec000 rw-p 00000000 00:00 0 
7f52e58ec000-7f52e58ed000 ---p 00000000 00:00 0 
7f52e58ed000-7f52e59ed000 rw-p 00000000 00:00 0 
7f52e59ed000-7f52e59ee000 ---p 00000000 00:00 0 
7f52e59ee000-7f52e5aee000 rw-p 00000000 00:00 0 
7f52e5aee000-7f52e5aef000 ---p 00000000 00:00 0 
7f52e5aef000-7f52e5bef000 rw-p 00000000 00:00 0 
7f52e5bef000-7f52e5bf0000 ---p 00000000 00:00 0 
7f52e5bf0000-7f52e5cf0000 rw-p 00000000 00:00 0 
7f52e5cf0000-7f52e5cf1000 ---p 00000000 00:00 0 
7f52e5cf1000-7f52e5df1000 rw-p 00000000 00:00 0 
7f52e5df1000-7f52e5df2000 ---p 00000000 00:00 0 
7f52e5df2000-7f52e5ef2000 rw-p 00000000 00:00 0 
7f52e5ef2000-7f52e5ef3000 ---p 00000000 00:00 0 
7f52e5ef3000-7f52e6013000 rw-p 00000000 00:00 0 
7f52e6013000-7f52e628a000 ---p 00000000 00:00 0 
7f52e628a000-7f52e62aa000 rw-p 00000000 00:00 0 
7f52e62aa000-7f52e6520000 ---p 00000000 00:00 0 
7f52e6520000-7f52e65ac000 rw-p 00000000 00:00 0 
7f52e65ac000-7f52e666c000 ---p 00000000 00:00 0 
7f52e666c000-7f52e6689000 rw-p 00000000 00:00 0 
7f52e6689000-7f52e6a2d000 ---p 00000000 00:00 0 
7f52e6a2d000-7f52e6a35000 r-xp 00000000 fd:00 9179632                    /usr/lib/jvm/java-8-openjdk-amd64/jre/lib/amd64/libzip.so
7f52e6a35000-7f52e6c34000 ---p 00008000 fd:00 9179632                    /usr/lib/jvm/java-8-openjdk-amd64/jre/lib/amd64/libzip.so
7f52e6c34000-7f52e6c35000 r--p 00007000 fd:00 9179632                    /usr/lib/jvm/java-8-openjdk-amd64/jre/lib/amd64/libzip.so
7f52e6c35000-7f52e6c36000 rw-p 00008000 fd:00 9179632                    /usr/lib/jvm/java-8-openjdk-amd64/jre/lib/amd64/libzip.so
7f52e6c3d000-7f52e6c48000 r-xp 00000000 fd:00 266815                     /lib/x86_64-linux-gnu/libnss_files-2.24.so
7f52e6c48000-7f52e6e47000 ---p 0000b000 fd:00 266815                     /lib/x86_64-linux-gnu/libnss_files-2.24.so
7f52e6e47000-7f52e6e48000 r--p 0000a000 fd:00 266815                     /lib/x86_64-linux-gnu/libnss_files-2.24.so
7f52e6e48000-7f52e6e49000 rw-p 0000b000 fd:00 266815                     /lib/x86_64-linux-gnu/libnss_files-2.24.so
7f52e6e49000-7f52e6e4f000 rw-p 00000000 00:00 0 
7f52e6e55000-7f52e6e60000 r-xp 00000000 fd:00 266826                     /lib/x86_64-linux-gnu/libnss_nis-2.24.so
7f52e6e60000-7f52e705f000 ---p 0000b000 fd:00 266826                     /lib/x86_64-linux-gnu/libnss_nis-2.24.so
7f52e705f000-7f52e7060000 r--p 0000a000 fd:00 266826                     /lib/x86_64-linux-gnu/libnss_nis-2.24.so
7f52e7060000-7f52e7061000 rw-p 0000b000 fd:00 266826                     /lib/x86_64-linux-gnu/libnss_nis-2.24.so
7f52e7065000-7f52e707b000 r-xp 00000000 fd:00 266809                     /lib/x86_64-linux-gnu/libnsl-2.24.so
7f52e707b000-7f52e727a000 ---p 00016000 fd:00 266809                     /lib/x86_64-linux-gnu/libnsl-2.24.so
7f52e727a000-7f52e727b000 r--p 00015000 fd:00 266809                     /lib/x86_64-linux-gnu/libnsl-2.24.so
7f52e727b000-7f52e727c000 rw-p 00016000 fd:00 266809                     /lib/x86_64-linux-gnu/libnsl-2.24.so
7f52e727c000-7f52e727e000 rw-p 00000000 00:00 0 
7f52e7285000-7f52e728d000 r-xp 00000000 fd:00 266811                     /lib/x86_64-linux-gnu/libnss_compat-2.24.so
7f52e728d000-7f52e748c000 ---p 00008000 fd:00 266811                     /lib/x86_64-linux-gnu/libnss_compat-2.24.so
7f52e748c000-7f52e748d000 r--p 00007000 fd:00 266811                     /lib/x86_64-linux-gnu/libnss_compat-2.24.so
7f52e748d000-7f52e748e000 rw-p 00008000 fd:00 266811                     /lib/x86_64-linux-gnu/libnss_compat-2.24.so
7f52e7495000-7f52e749f000 r-xp 00000000 fd:00 9179608                    /usr/lib/jvm/java-8-openjdk-amd64/jre/lib/amd64/libinstrument.so
7f52e749f000-7f52e769e000 ---p 0000a000 fd:00 9179608                    /usr/lib/jvm/java-8-openjdk-amd64/jre/lib/amd64/libinstrument.so
7f52e769e000-7f52e769f000 r--p 00009000 fd:00 9179608                    /usr/lib/jvm/java-8-openjdk-amd64/jre/lib/amd64/libinstrument.so
7f52e769f000-7f52e76a0000 rw-p 0000a000 fd:00 9179608                    /usr/lib/jvm/java-8-openjdk-amd64/jre/lib/amd64/libinstrument.so
7f52e76a5000-7f52e76d2000 r-xp 00000000 fd:00 9179613                    /usr/lib/jvm/java-8-openjdk-amd64/jre/lib/amd64/libjava.so
7f52e76d2000-7f52e78d1000 ---p 0002d000 fd:00 9179613                    /usr/lib/jvm/java-8-openjdk-amd64/jre/lib/amd64/libjava.so
7f52e78d1000-7f52e78d2000 r--p 0002c000 fd:00 9179613                    /usr/lib/jvm/java-8-openjdk-amd64/jre/lib/amd64/libjava.so
7f52e78d2000-7f52e78d4000 rw-p 0002d000 fd:00 9179613                    /usr/lib/jvm/java-8-openjdk-amd64/jre/lib/amd64/libjava.so
7f52e78d5000-7f52e78e4000 r-xp 00000000 fd:00 9179631                    /usr/lib/jvm/java-8-openjdk-amd64/jre/lib/amd64/libverify.so
7f52e78e4000-7f52e7ae3000 ---p 0000f000 fd:00 9179631                    /usr/lib/jvm/java-8-openjdk-amd64/jre/lib/amd64/libverify.so
7f52e7ae3000-7f52e7ae5000 r--p 0000e000 fd:00 9179631                    /usr/lib/jvm/java-8-openjdk-amd64/jre/lib/amd64/libverify.so
7f52e7ae5000-7f52e7ae6000 rw-p 00010000 fd:00 9179631                    /usr/lib/jvm/java-8-openjdk-amd64/jre/lib/amd64/libverify.so
7f52e7aed000-7f52e7af4000 r-xp 00000000 fd:00 266870                     /lib/x86_64-linux-gnu/librt-2.24.so
7f52e7af4000-7f52e7cf3000 ---p 00007000 fd:00 266870                     /lib/x86_64-linux-gnu/librt-2.24.so
7f52e7cf3000-7f52e7cf4000 r--p 00006000 fd:00 266870                     /lib/x86_64-linux-gnu/librt-2.24.so
7f52e7cf4000-7f52e7cf5000 rw-p 00007000 fd:00 266870                     /lib/x86_64-linux-gnu/librt-2.24.so
7f52e7cf5000-7f52e7d0b000 r-xp 00000000 fd:00 266760                     /lib/x86_64-linux-gnu/libgcc_s.so.1
7f52e7d0b000-7f52e7f0a000 ---p 00016000 fd:00 266760                     /lib/x86_64-linux-gnu/libgcc_s.so.1
7f52e7f0a000-7f52e7f0b000 r--p 00015000 fd:00 266760                     /lib/x86_64-linux-gnu/libgcc_s.so.1
7f52e7f0b000-7f52e7f0c000 rw-p 00016000 fd:00 266760                     /lib/x86_64-linux-gnu/libgcc_s.so.1
7f52e7f0d000-7f52e8015000 r-xp 00000000 fd:00 266788                     /lib/x86_64-linux-gnu/libm-2.24.so
7f52e8015000-7f52e8214000 ---p 00108000 fd:00 266788                     /lib/x86_64-linux-gnu/libm-2.24.so
7f52e8214000-7f52e8215000 r--p 00107000 fd:00 266788                     /lib/x86_64-linux-gnu/libm-2.24.so
7f52e8215000-7f52e8216000 rw-p 00108000 fd:00 266788                     /lib/x86_64-linux-gnu/libm-2.24.so
7f52e821d000-7f52e8396000 r-xp 00000000 fd:00 9053803                    /usr/lib/x86_64-linux-gnu/libstdc++.so.6.0.22
7f52e8396000-7f52e8595000 ---p 00179000 fd:00 9053803                    /usr/lib/x86_64-linux-gnu/libstdc++.so.6.0.22
7f52e8595000-7f52e859f000 r--p 00178000 fd:00 9053803                    /usr/lib/x86_64-linux-gnu/libstdc++.so.6.0.22
7f52e859f000-7f52e85a1000 rw-p 00182000 fd:00 9053803                    /usr/lib/x86_64-linux-gnu/libstdc++.so.6.0.22
7f52e85a1000-7f52e85a5000 rw-p 00000000 00:00 0 
7f52e85a5000-7f52e91fa000 r-xp 00000000 fd:00 9179635                    /usr/lib/jvm/java-8-openjdk-amd64/jre/lib/amd64/server/libjvm.so
7f52e91fa000-7f52e93fa000 ---p 00c55000 fd:00 9179635                    /usr/lib/jvm/java-8-openjdk-amd64/jre/lib/amd64/server/libjvm.so
7f52e93fa000-7f52e948d000 r--p 00c55000 fd:00 9179635                    /usr/lib/jvm/java-8-openjdk-amd64/jre/lib/amd64/server/libjvm.so
7f52e948d000-7f52e94b6000 rw-p 00ce8000 fd:00 9179635                    /usr/lib/jvm/java-8-openjdk-amd64/jre/lib/amd64/server/libjvm.so
7f52e94b6000-7f52e94e6000 rw-p 00000000 00:00 0 
7f52e94ed000-7f52e9505000 r-xp 00000000 fd:00 266862                     /lib/x86_64-linux-gnu/libpthread-2.24.so
7f52e9505000-7f52e9705000 ---p 00018000 fd:00 266862                     /lib/x86_64-linux-gnu/libpthread-2.24.so
7f52e9705000-7f52e9706000 r--p 00018000 fd:00 266862                     /lib/x86_64-linux-gnu/libpthread-2.24.so
7f52e9706000-7f52e9707000 rw-p 00019000 fd:00 266862                     /lib/x86_64-linux-gnu/libpthread-2.24.so
7f52e9707000-7f52e970b000 rw-p 00000000 00:00 0 
7f52e970d000-7f52e9710000 r-xp 00000000 fd:00 266746                     /lib/x86_64-linux-gnu/libdl-2.24.so
7f52e9710000-7f52e990f000 ---p 00003000 fd:00 266746                     /lib/x86_64-linux-gnu/libdl-2.24.so
7f52e990f000-7f52e9910000 r--p 00002000 fd:00 266746                     /lib/x86_64-linux-gnu/libdl-2.24.so
7f52e9910000-7f52e9911000 rw-p 00003000 fd:00 266746                     /lib/x86_64-linux-gnu/libdl-2.24.so
7f52e9915000-7f52e9930000 r-xp 00000000 fd:00 266902                     /lib/x86_64-linux-gnu/libz.so.1.2.11
7f52e9930000-7f52e9b2f000 ---p 0001b000 fd:00 266902                     /lib/x86_64-linux-gnu/libz.so.1.2.11
7f52e9b2f000-7f52e9b30000 r--p 0001a000 fd:00 266902                     /lib/x86_64-linux-gnu/libz.so.1.2.11
7f52e9b30000-7f52e9b31000 rw-p 0001b000 fd:00 266902                     /lib/x86_64-linux-gnu/libz.so.1.2.11
7f52e9b35000-7f52e9cf2000 r-xp 00000000 fd:00 266722                     /lib/x86_64-linux-gnu/libc-2.24.so
7f52e9cf2000-7f52e9ef2000 ---p 001bd000 fd:00 266722                     /lib/x86_64-linux-gnu/libc-2.24.so
7f52e9ef2000-7f52e9ef6000 r--p 001bd000 fd:00 266722                     /lib/x86_64-linux-gnu/libc-2.24.so
7f52e9ef6000-7f52e9ef8000 rw-p 001c1000 fd:00 266722                     /lib/x86_64-linux-gnu/libc-2.24.so
7f52e9ef8000-7f52e9efc000 rw-p 00000000 00:00 0 
7f52e9efd000-7f52e9f0a000 r-xp 00000000 fd:00 9179599                    /usr/lib/jvm/java-8-openjdk-amd64/jre/lib/amd64/jli/libjli.so
7f52e9f0a000-7f52ea10a000 ---p 0000d000 fd:00 9179599                    /usr/lib/jvm/java-8-openjdk-amd64/jre/lib/amd64/jli/libjli.so
7f52ea10a000-7f52ea10b000 r--p 0000d000 fd:00 9179599                    /usr/lib/jvm/java-8-openjdk-amd64/jre/lib/amd64/jli/libjli.so
7f52ea10b000-7f52ea10c000 rw-p 0000e000 fd:00 9179599                    /usr/lib/jvm/java-8-openjdk-amd64/jre/lib/amd64/jli/libjli.so
7f52ea10d000-7f52ea132000 r-xp 00000000 fd:00 266694                     /lib/x86_64-linux-gnu/ld-2.24.so
7f52ea138000-7f52ea13d000 r--s 0003b000 fd:00 9179653                    /usr/lib/jvm/java-8-openjdk-amd64/jre/lib/ext/sunjce_provider.jar
7f52ea13f000-7f52ea140000 r--s 0000a000 fd:00 9179649                    /usr/lib/jvm/java-8-openjdk-amd64/jre/lib/ext/jaccess.jar
7f52ea144000-7f52ea147000 r--s 0000f000 fd:00 9179648                    /usr/lib/jvm/java-8-openjdk-amd64/jre/lib/ext/icedtea-sound.jar
7f52ea14c000-7f52ea150000 r--s 00037000 fd:00 9179654                    /usr/lib/jvm/java-8-openjdk-amd64/jre/lib/ext/sunpkcs11.jar
7f52ea156000-7f52ea225000 rw-p 00000000 00:00 0 
7f52ea225000-7f52ea22d000 rw-s 00000000 fd:00 1052184                    /tmp/hsperfdata_bruno/23925
7f52ea22d000-7f52ea22e000 rw-p 00000000 00:00 0 
7f52ea22e000-7f52ea22f000 r--p 00000000 00:00 0 
7f52ea22f000-7f52ea232000 ---p 00000000 00:00 0 
7f52ea232000-7f52ea332000 rw-p 00000000 00:00 0 
7f52ea332000-7f52ea333000 r--p 00025000 fd:00 266694                     /lib/x86_64-linux-gnu/ld-2.24.so
7f52ea333000-7f52ea334000 rw-p 00026000 fd:00 266694                     /lib/x86_64-linux-gnu/ld-2.24.so
7f52ea334000-7f52ea338000 rw-p 00000000 00:00 0 
7fffe05e5000-7fffe0608000 rw-p 00000000 00:00 0                          [stack]
7fffe067d000-7fffe067f000 r--p 00000000 00:00 0                          [vvar]
7fffe067f000-7fffe0681000 r-xp 00000000 00:00 0                          [vdso]
ffffffffff600000-ffffffffff601000 r-xp 00000000 00:00 0                  [vsyscall]

VM Arguments:
jvm_args: -XX:TieredStopAtLevel=1 -Xverify:none -Dspring.output.ansi.enabled=always -javaagent:/opt/idea-IU-171.4073.35/lib/idea_rt.jar=32783:/opt/idea-IU-171.4073.35/bin -Dfile.encoding=UTF-8 
java_command: com.brunodunbar.GrpcSandboxServerApplication
java_class_path (initial): /usr/lib/jvm/java-1.8.0-openjdk-amd64/jre/lib/charsets.jar:/usr/lib/jvm/java-1.8.0-openjdk-amd64/jre/lib/ext/cldrdata.jar:/usr/lib/jvm/java-1.8.0-openjdk-amd64/jre/lib/ext/dnsns.jar:/usr/lib/jvm/java-1.8.0-openjdk-amd64/jre/lib/ext/icedtea-sound.jar:/usr/lib/jvm/java-1.8.0-openjdk-amd64/jre/lib/ext/jaccess.jar:/usr/lib/jvm/java-1.8.0-openjdk-amd64/jre/lib/ext/java-atk-wrapper.jar:/usr/lib/jvm/java-1.8.0-openjdk-amd64/jre/lib/ext/localedata.jar:/usr/lib/jvm/java-1.8.0-openjdk-amd64/jre/lib/ext/nashorn.jar:/usr/lib/jvm/java-1.8.0-openjdk-amd64/jre/lib/ext/sunec.jar:/usr/lib/jvm/java-1.8.0-openjdk-amd64/jre/lib/ext/sunjce_provider.jar:/usr/lib/jvm/java-1.8.0-openjdk-amd64/jre/lib/ext/sunpkcs11.jar:/usr/lib/jvm/java-1.8.0-openjdk-amd64/jre/lib/ext/zipfs.jar:/usr/lib/jvm/java-1.8.0-openjdk-amd64/jre/lib/jce.jar:/usr/lib/jvm/java-1.8.0-openjdk-amd64/jre/lib/jsse.jar:/usr/lib/jvm/java-1.8.0-openjdk-amd64/jre/lib/management-agent.jar:/usr/lib/jvm/java-1.8.0-openjdk-amd64/jre/lib/resources.jar:/usr/lib/jvm/java-1.8.0-openjdk-amd64/jre/lib/rt.jar:/home/bruno/IdeaProjects/grpc-sandbox-server/target/classes:/home/bruno/.m2/repository/com/brunodunbar/grpc-sandbox-api/1.0-SNAPSHOT/grpc-sandbox-api-1.0-SNAPSHOT.jar:/home/bruno/.m2/repository/io/grpc/grpc-protobuf/1.2.0/grpc-protobuf-1.2.0.jar:/home/bruno/.m2/repository/io/grpc/grpc-core/1.2.0/grpc-core-1.2.0.jar:/home/bruno/.m2/repository/com/google/errorprone/error_prone_annotations/2.0.11/error_prone_annotations-2.0.11.jar:/home/bruno/.m2/repository/com/google/code/findbugs/jsr305/3.0.0/jsr305-3.0.0.jar:/home/bruno/.m2/repository/io/grpc/grpc-context/1.2.0/grpc-context-1.2.0.jar:/home/bruno/.m2/repository/com/google/instrumentation/instrumentation-api/0.3.0/instrumentation-api-0.3.0.jar:/home/bruno/.m2/repository/com/google/protobuf/protobuf-java/3.2.0/protobuf-java-3.2.0.jar:/home/bruno/.m2/repository/com/google/guava/guava/19.0/guava-19.0.jar:/home/bruno/.m2/repository/com/google/protobuf/protobuf-
Launcher Type: SUN_STANDARD

Environment Variables:
PATH=/usr/local/sbin:/usr/local/bin:/usr/sbin:/usr/bin:/sbin:/bin:/usr/games:/usr/local/games:/snap/bin
USERNAME=bruno
LD_LIBRARY_PATH=/opt/idea-IU-171.4073.35/bin:
SHELL=/bin/bash
DISPLAY=:0

Signal Handlers:
SIGSEGV: [libjvm.so+0xa6c7e0], sa_mask[0]=11111111011111111101111111111110, sa_flags=SA_RESTART|SA_SIGINFO
SIGBUS: [libjvm.so+0xa6c7e0], sa_mask[0]=11111111011111111101111111111110, sa_flags=SA_RESTART|SA_SIGINFO
SIGFPE: [libjvm.so+0x8b64a0], sa_mask[0]=11111111011111111101111111111110, sa_flags=SA_RESTART|SA_SIGINFO
SIGPIPE: [libjvm.so+0x8b64a0], sa_mask[0]=11111111011111111101111111111110, sa_flags=SA_RESTART|SA_SIGINFO
SIGXFSZ: [libjvm.so+0x8b64a0], sa_mask[0]=11111111011111111101111111111110, sa_flags=SA_RESTART|SA_SIGINFO
SIGILL: [libjvm.so+0x8b64a0], sa_mask[0]=11111111011111111101111111111110, sa_flags=SA_RESTART|SA_SIGINFO
SIGUSR1: SIG_DFL, sa_mask[0]=00000000000000000000000000000000, sa_flags=none
SIGUSR2: [libjvm.so+0x8b6350], sa_mask[0]=00100000000000000000000000000000, sa_flags=SA_RESTART|SA_SIGINFO
SIGHUP: [libjvm.so+0x8b6800], sa_mask[0]=11111111011111111101111111111110, sa_flags=SA_RESTART|SA_SIGINFO
SIGINT: [libjvm.so+0x8b6800], sa_mask[0]=11111111011111111101111111111110, sa_flags=SA_RESTART|SA_SIGINFO
SIGTERM: [libjvm.so+0x8b6800], sa_mask[0]=11111111011111111101111111111110, sa_flags=SA_RESTART|SA_SIGINFO
SIGQUIT: [libjvm.so+0x8b6800], sa_mask[0]=11111111011111111101111111111110, sa_flags=SA_RESTART|SA_SIGINFO


---------------  S Y S T E M  ---------------

OS:DISTRIB_ID=Ubuntu
DISTRIB_RELEASE=17.04
DISTRIB_CODENAME=zesty
DISTRIB_DESCRIPTION="Ubuntu 17.04"

uname:Linux 4.10.0-19-generic #21-Ubuntu SMP Thu Apr 6 17:04:57 UTC 2017 x86_64
libc:glibc 2.24 NPTL 2.24 
rlimit: STACK 8192k, CORE 0k, NPROC 30891, NOFILE 65536, AS infinity
load average:0,57 0,90 0,92

/proc/meminfo:
MemTotal:        8136624 kB
MemFree:         1690424 kB
MemAvailable:    1925584 kB
Buffers:           15352 kB
Cached:           615860 kB
SwapCached:        45288 kB
Active:          4824216 kB
Inactive:        1113864 kB
Active(anon):    4593056 kB
Inactive(anon):   922996 kB
Active(file):     231160 kB
Inactive(file):   190868 kB
Unevictable:        1864 kB
Mlocked:            1864 kB
SwapTotal:       8347644 kB
SwapFree:        7059128 kB
Dirty:             10672 kB
Writeback:            16 kB
AnonPages:       5291252 kB
Mapped:           409824 kB
Shmem:            208956 kB
Slab:             199464 kB
SReclaimable:      68948 kB
SUnreclaim:       130516 kB
KernelStack:       23760 kB
PageTables:        94956 kB
NFS_Unstable:          0 kB
Bounce:                0 kB
WritebackTmp:          0 kB
CommitLimit:    12415956 kB
Committed_AS:   17275024 kB
VmallocTotal:   34359738367 kB
VmallocUsed:           0 kB
VmallocChunk:          0 kB
HardwareCorrupted:     0 kB
AnonHugePages:   2867200 kB
ShmemHugePages:        0 kB
ShmemPmdMapped:        0 kB
CmaTotal:              0 kB
CmaFree:               0 kB
HugePages_Total:       0
HugePages_Free:        0
HugePages_Rsvd:        0
HugePages_Surp:        0
Hugepagesize:       2048 kB
DirectMap4k:      451604 kB
DirectMap2M:     7901184 kB
DirectMap1G:           0 kB


CPU:total 8 (8 cores per cpu, 1 threads per core) family 21 model 2 stepping 0, cmov, cx8, fxsr, mmx, sse, sse2, sse3, ssse3, sse4.1, sse4.2, popcnt, avx, aes, clmul, mmxext, 3dnowpref, lzcnt, sse4a, tsc, tscinvbit, tscinv, bmi1

/proc/cpuinfo:
processor	: 0
vendor_id	: AuthenticAMD
cpu family	: 21
model		: 2
model name	: AMD FX(tm)-8350 Eight-Core Processor
stepping	: 0
microcode	: 0x600084f
cpu MHz		: 1400.000
cache size	: 2048 KB
physical id	: 0
siblings	: 8
core id		: 0
cpu cores	: 4
apicid		: 16
initial apicid	: 0
fpu		: yes
fpu_exception	: yes
cpuid level	: 13
wp		: yes
flags		: fpu vme de pse tsc msr pae mce cx8 apic sep mtrr pge mca cmov pat pse36 clflush mmx fxsr sse sse2 ht syscall nx mmxext fxsr_opt pdpe1gb rdtscp lm constant_tsc rep_good nopl nonstop_tsc extd_apicid aperfmperf pni pclmulqdq monitor ssse3 fma cx16 sse4_1 sse4_2 popcnt aes xsave avx f16c lahf_lm cmp_legacy svm extapic cr8_legacy abm sse4a misalignsse 3dnowprefetch osvw ibs xop skinit wdt lwp fma4 tce nodeid_msr tbm topoext perfctr_core perfctr_nb cpb hw_pstate vmmcall bmi1 arat npt lbrv svm_lock nrip_save tsc_scale vmcb_clean flushbyasid decodeassists pausefilter pfthreshold
bugs		: fxsave_leak sysret_ss_attrs null_seg
bogomips	: 8036.90
TLB size	: 1536 4K pages
clflush size	: 64
cache_alignment	: 64
address sizes	: 48 bits physical, 48 bits virtual
power management: ts ttp tm 100mhzsteps hwpstate cpb eff_freq_ro

processor	: 1
vendor_id	: AuthenticAMD
cpu family	: 21
model		: 2
model name	: AMD FX(tm)-8350 Eight-Core Processor
stepping	: 0
microcode	: 0x600084f
cpu MHz		: 4000.000
cache size	: 2048 KB
physical id	: 0
siblings	: 8
core id		: 1
cpu cores	: 4
apicid		: 17
initial apicid	: 1
fpu		: yes
fpu_exception	: yes
cpuid level	: 13
wp		: yes
flags		: fpu vme de pse tsc msr pae mce cx8 apic sep mtrr pge mca cmov pat pse36 clflush mmx fxsr sse sse2 ht syscall nx mmxext fxsr_opt pdpe1gb rdtscp lm constant_tsc rep_good nopl nonstop_tsc extd_apicid aperfmperf pni pclmulqdq monitor ssse3 fma cx16 sse4_1 sse4_2 popcnt aes xsave avx f16c lahf_lm cmp_legacy svm extapic cr8_legacy abm sse4a misalignsse 3dnowprefetch osvw ibs xop skinit wdt lwp fma4 tce nodeid_msr tbm topoext perfctr_core perfctr_nb cpb hw_pstate vmmcall bmi1 arat npt lbrv svm_lock nrip_save tsc_scale vmcb_clean flushbyasid decodeassists pausefilter pfthreshold
bugs		: fxsave_leak sysret_ss_attrs null_seg
bogomips	: 8036.90
TLB size	: 1536 4K pages
clflush size	: 64
cache_alignment	: 64
address sizes	: 48 bits physical, 48 bits virtual
power management: ts ttp tm 100mhzsteps hwpstate cpb eff_freq_ro

processor	: 2
vendor_id	: AuthenticAMD
cpu family	: 21
model		: 2
model name	: AMD FX(tm)-8350 Eight-Core Processor
stepping	: 0
microcode	: 0x600084f
cpu MHz		: 1400.000
cache size	: 2048 KB
physical id	: 0
siblings	: 8
core id		: 2
cpu cores	: 4
apicid		: 18
initial apicid	: 2
fpu		: yes
fpu_exception	: yes
cpuid level	: 13
wp		: yes
flags		: fpu vme de pse tsc msr pae mce cx8 apic sep mtrr pge mca cmov pat pse36 clflush mmx fxsr sse sse2 ht syscall nx mmxext fxsr_opt pdpe1gb rdtscp lm constant_tsc rep_good nopl nonstop_tsc extd_apicid aperfmperf pni pclmulqdq monitor ssse3 fma cx16 sse4_1 sse4_2 popcnt aes xsave avx f16c lahf_lm cmp_legacy svm extapic cr8_legacy abm sse4a misalignsse 3dnowprefetch osvw ibs xop skinit wdt lwp fma4 tce nodeid_msr tbm topoext perfctr_core perfctr_nb cpb hw_pstate vmmcall bmi1 arat npt lbrv svm_lock nrip_save tsc_scale vmcb_clean flushbyasid decodeassists pausefilter pfthreshold
bugs		: fxsave_leak sysret_ss_attrs null_seg
bogomips	: 8036.90
TLB size	: 1536 4K pages
clflush size	: 64
cache_alignment	: 64
address sizes	: 48 bits physical, 48 bits virtual
power management: ts ttp tm 100mhzsteps hwpstate cpb eff_freq_ro

processor	: 3
vendor_id	: AuthenticAMD
cpu family	: 21
model		: 2
model name	: AMD FX(tm)-8350 Eight-Core Processor
stepping	: 0
microcode	: 0x600084f
cpu MHz		: 1400.000
cache size	: 2048 KB
physical id	: 0
siblings	: 8
core id		: 3
cpu cores	: 4
apicid		: 19
initial apicid	: 3
fpu		: yes
fpu_exception	: yes
cpuid level	: 13
wp		: yes
flags		: fpu vme de pse tsc msr pae mce cx8 apic sep mtrr pge mca cmov pat pse36 clflush mmx fxsr sse sse2 ht syscall nx mmxext fxsr_opt pdpe1gb rdtscp lm constant_tsc rep_good nopl nonstop_tsc extd_apicid aperfmperf pni pclmulqdq monitor ssse3 fma cx16 sse4_1 sse4_2 popcnt aes xsave avx f16c lahf_lm cmp_legacy svm extapic cr8_legacy abm sse4a misalignsse 3dnowprefetch osvw ibs xop skinit wdt lwp fma4 tce nodeid_msr tbm topoext perfctr_core perfctr_nb cpb hw_pstate vmmcall bmi1 arat npt lbrv svm_lock nrip_save tsc_scale vmcb_clean flushbyasid decodeassists pausefilter pfthreshold
bugs		: fxsave_leak sysret_ss_attrs null_seg
bogomips	: 8036.90
TLB size	: 1536 4K pages
clflush size	: 64
cache_alignment	: 64
address sizes	: 48 bits physical, 48 bits virtual
power management: ts ttp tm 100mhzsteps hwpstate cpb eff_freq_ro

processor	: 4
vendor_id	: AuthenticAMD
cpu family	: 21
model		: 2
model name	: AMD FX(tm)-8350 Eight-Core Processor
stepping	: 0
microcode	: 0x600084f
cpu MHz		: 1400.000
cache size	: 2048 KB
physical id	: 0
siblings	: 8
core id		: 4
cpu cores	: 4
apicid		: 20
initial apicid	: 4
fpu		: yes
fpu_exception	: yes
cpuid level	: 13
wp		: yes
flags		: fpu vme de pse tsc msr pae mce cx8 apic sep mtrr pge mca cmov pat pse36 clflush mmx fxsr sse sse2 ht syscall nx mmxext fxsr_opt pdpe1gb rdtscp lm constant_tsc rep_good nopl nonstop_tsc extd_apicid aperfmperf pni pclmulqdq monitor ssse3 fma cx16 sse4_1 sse4_2 popcnt aes xsave avx f16c lahf_lm cmp_legacy svm extapic cr8_legacy abm sse4a misalignsse 3dnowprefetch osvw ibs xop skinit wdt lwp fma4 tce nodeid_msr tbm topoext perfctr_core perfctr_nb cpb hw_pstate vmmcall bmi1 arat npt lbrv svm_lock nrip_save tsc_scale vmcb_clean flushbyasid decodeassists pausefilter pfthreshold
bugs		: fxsave_leak sysret_ss_attrs null_seg
bogomips	: 8036.90
TLB size	: 1536 4K pages
clflush size	: 64
cache_alignment	: 64
address sizes	: 48 bits physical, 48 bits virtual
power management: ts ttp tm 100mhzsteps hwpstate cpb eff_freq_ro

processor	: 5
vendor_id	: AuthenticAMD
cpu family	: 21
model		: 2
model name	: AMD FX(tm)-8350 Eight-Core Processor
stepping	: 0
microcode	: 0x600084f
cpu MHz		: 1400.000
cache size	: 2048 KB
physical id	: 0
siblings	: 8
core id		: 5
cpu cores	: 4
apicid		: 21
initial apicid	: 5
fpu		: yes
fpu_exception	: yes
cpuid level	: 13
wp		: yes
flags		: fpu vme de pse tsc msr pae mce cx8 apic sep mtrr pge mca cmov pat pse36 clflush mmx fxsr sse sse2 ht syscall nx mmxext fxsr_opt pdpe1gb rdtscp lm constant_tsc rep_good nopl nonstop_tsc extd_apicid aperfmperf pni pclmulqdq monitor ssse3 fma cx16 sse4_1 sse4_2 popcnt aes xsave avx f16c lahf_lm cmp_legacy svm extapic cr8_legacy abm sse4a misalignsse 3dnowprefetch osvw ibs xop skinit wdt lwp fma4 tce nodeid_msr tbm topoext perfctr_core perfctr_nb cpb hw_pstate vmmcall bmi1 arat npt lbrv svm_lock nrip_save tsc_scale vmcb_clean flushbyasid decodeassists pausefilter pfthreshold
bugs		: fxsave_leak sysret_ss_attrs null_seg
bogomips	: 8036.90
TLB size	: 1536 4K pages
clflush size	: 64
cache_alignment	: 64
address sizes	: 48 bits physical, 48 bits virtual
power management: ts ttp tm 100mhzsteps hwpstate cpb eff_freq_ro

processor	: 6
vendor_id	: AuthenticAMD
cpu family	: 21
model		: 2
model name	: AMD FX(tm)-8350 Eight-Core Processor
stepping	: 0
microcode	: 0x600084f
cpu MHz		: 1400.000
cache size	: 2048 KB
physical id	: 0
siblings	: 8
core id		: 6
cpu cores	: 4
apicid		: 22
initial apicid	: 6
fpu		: yes
fpu_exception	: yes
cpuid level	: 13
wp		: yes
flags		: fpu vme de pse tsc msr pae mce cx8 apic sep mtrr pge mca cmov pat pse36 clflush mmx fxsr sse sse2 ht syscall nx mmxext fxsr_opt pdpe1gb rdtscp lm constant_tsc rep_good nopl nonstop_tsc extd_apicid aperfmperf pni pclmulqdq monitor ssse3 fma cx16 sse4_1 sse4_2 popcnt aes xsave avx f16c lahf_lm cmp_legacy svm extapic cr8_legacy abm sse4a misalignsse 3dnowprefetch osvw ibs xop skinit wdt lwp fma4 tce nodeid_msr tbm topoext perfctr_core perfctr_nb cpb hw_pstate vmmcall bmi1 arat npt lbrv svm_lock nrip_save tsc_scale vmcb_clean flushbyasid decodeassists pausefilter pfthreshold
bugs		: fxsave_leak sysret_ss_attrs null_seg
bogomips	: 8036.90
TLB size	: 1536 4K pages
clflush size	: 64
cache_alignment	: 64
address sizes	: 48 bits physical, 48 bits virtual
power management: ts ttp tm 100mhzsteps hwpstate cpb eff_freq_ro

processor	: 7
vendor_id	: AuthenticAMD
cpu family	: 21
model		: 2
model name	: AMD FX(tm)-8350 Eight-Core Processor
stepping	: 0
microcode	: 0x600084f
cpu MHz		: 4000.000
cache size	: 2048 KB
physical id	: 0
siblings	: 8
core id		: 7
cpu cores	: 4
apicid		: 23
initial apicid	: 7
fpu		: yes
fpu_exception	: yes
cpuid level	: 13
wp		: yes
flags		: fpu vme de pse tsc msr pae mce cx8 apic sep mtrr pge mca cmov pat pse36 clflush mmx fxsr sse sse2 ht syscall nx mmxext fxsr_opt pdpe1gb rdtscp lm constant_tsc rep_good nopl nonstop_tsc extd_apicid aperfmperf pni pclmulqdq monitor ssse3 fma cx16 sse4_1 sse4_2 popcnt aes xsave avx f16c lahf_lm cmp_legacy svm extapic cr8_legacy abm sse4a misalignsse 3dnowprefetch osvw ibs xop skinit wdt lwp fma4 tce nodeid_msr tbm topoext perfctr_core perfctr_nb cpb hw_pstate vmmcall bmi1 arat npt lbrv svm_lock nrip_save tsc_scale vmcb_clean flushbyasid decodeassists pausefilter pfthreshold
bugs		: fxsave_leak sysret_ss_attrs null_seg
bogomips	: 8036.90
TLB size	: 1536 4K pages
clflush size	: 64
cache_alignment	: 64
address sizes	: 48 bits physical, 48 bits virtual
power management: ts ttp tm 100mhzsteps hwpstate cpb eff_freq_ro



Memory: 4k page, physical 8136624k(1690424k free), swap 8347644k(7059128k free)

vm_info: OpenJDK 64-Bit Server VM (25.121-b13) for linux-amd64 JRE (1.8.0_121-8u121-b13-4-b13), built on Mar  3 2017 17:46:54 by "buildd" with gcc 6.3.0 20170221

time: Sun Apr 23 14:24:51 2017
elapsed time: 684 seconds (0d 0h 11m 24s)

